CRITICAL - 2024-04-25 08:35:16 --> ErrorException: Trying to access array offset on value of type null
[Method: POST, Route: Modif]
in APPPATH/Views/modify.php on line 9.
 1 APPPATH/Views/modify.php(9): CodeIgniter\Debug\Exceptions->errorHandler()
 2 SYSTEMPATH/View/View.php(234): include('/home/iantsogod/server/app/Views/modify.php')
 3 SYSTEMPATH/View/View.php(237): CodeIgniter\View\View->CodeIgniter\View\{closure}()
 4 SYSTEMPATH/Common.php(1171): CodeIgniter\View\View->render()
 5 APPPATH/Controllers/Home.php(66): view()
 6 SYSTEMPATH/CodeIgniter.php(933): App\Controllers\Home->modif()
 7 SYSTEMPATH/CodeIgniter.php(509): CodeIgniter\CodeIgniter->runController()
 8 SYSTEMPATH/CodeIgniter.php(355): CodeIgniter\CodeIgniter->handleRequest()
 9 SYSTEMPATH/Boot.php(312): CodeIgniter\CodeIgniter->run()
10 SYSTEMPATH/Boot.php(67): CodeIgniter\Boot::runCodeIgniter()
11 FCPATH/index.php(56): CodeIgniter\Boot::bootWeb()
CRITICAL - 2024-04-25 08:35:59 --> TypeError: Cannot access offset of type string on string
[Method: POST, Route: Modif]
in APPPATH/Views/modify.php on line 9.
 1 SYSTEMPATH/View/View.php(234): include()
 2 SYSTEMPATH/View/View.php(237): CodeIgniter\View\View->CodeIgniter\View\{closure}()
 3 SYSTEMPATH/Common.php(1171): CodeIgniter\View\View->render()
 4 APPPATH/Controllers/Home.php(66): view()
 5 SYSTEMPATH/CodeIgniter.php(933): App\Controllers\Home->modif()
 6 SYSTEMPATH/CodeIgniter.php(509): CodeIgniter\CodeIgniter->runController()
 7 SYSTEMPATH/CodeIgniter.php(355): CodeIgniter\CodeIgniter->handleRequest()
 8 SYSTEMPATH/Boot.php(312): CodeIgniter\CodeIgniter->run()
 9 SYSTEMPATH/Boot.php(67): CodeIgniter\Boot::runCodeIgniter()
10 FCPATH/index.php(56): CodeIgniter\Boot::bootWeb()
CRITICAL - 2024-04-25 08:36:43 --> TypeError: Cannot access offset of type string on string
[Method: POST, Route: Modif]
in APPPATH/Views/modify.php on line 10.
 1 SYSTEMPATH/View/View.php(234): include()
 2 SYSTEMPATH/View/View.php(237): CodeIgniter\View\View->CodeIgniter\View\{closure}()
 3 SYSTEMPATH/Common.php(1171): CodeIgniter\View\View->render()
 4 APPPATH/Controllers/Home.php(66): view()
 5 SYSTEMPATH/CodeIgniter.php(933): App\Controllers\Home->modif()
 6 SYSTEMPATH/CodeIgniter.php(509): CodeIgniter\CodeIgniter->runController()
 7 SYSTEMPATH/CodeIgniter.php(355): CodeIgniter\CodeIgniter->handleRequest()
 8 SYSTEMPATH/Boot.php(312): CodeIgniter\CodeIgniter->run()
 9 SYSTEMPATH/Boot.php(67): CodeIgniter\Boot::runCodeIgniter()
10 FCPATH/index.php(56): CodeIgniter\Boot::bootWeb()
CRITICAL - 2024-04-25 08:37:27 --> TypeError: Cannot access offset of type string on string
[Method: POST, Route: Modif]
in APPPATH/Views/modify.php on line 9.
 1 SYSTEMPATH/View/View.php(234): include()
 2 SYSTEMPATH/View/View.php(237): CodeIgniter\View\View->CodeIgniter\View\{closure}()
 3 SYSTEMPATH/Common.php(1171): CodeIgniter\View\View->render()
 4 APPPATH/Controllers/Home.php(66): view()
 5 SYSTEMPATH/CodeIgniter.php(933): App\Controllers\Home->modif()
 6 SYSTEMPATH/CodeIgniter.php(509): CodeIgniter\CodeIgniter->runController()
 7 SYSTEMPATH/CodeIgniter.php(355): CodeIgniter\CodeIgniter->handleRequest()
 8 SYSTEMPATH/Boot.php(312): CodeIgniter\CodeIgniter->run()
 9 SYSTEMPATH/Boot.php(67): CodeIgniter\Boot::runCodeIgniter()
10 FCPATH/index.php(56): CodeIgniter\Boot::bootWeb()
CRITICAL - 2024-04-25 08:38:20 --> ErrorException: Array to string conversion
[Method: POST, Route: Modif]
in APPPATH/Views/modify.php on line 8.
 1 APPPATH/Views/modify.php(8): CodeIgniter\Debug\Exceptions->errorHandler()
 2 SYSTEMPATH/View/View.php(234): include('/home/iantsogod/server/app/Views/modify.php')
 3 SYSTEMPATH/View/View.php(237): CodeIgniter\View\View->CodeIgniter\View\{closure}()
 4 SYSTEMPATH/Common.php(1171): CodeIgniter\View\View->render()
 5 APPPATH/Controllers/Home.php(66): view()
 6 SYSTEMPATH/CodeIgniter.php(933): App\Controllers\Home->modif()
 7 SYSTEMPATH/CodeIgniter.php(509): CodeIgniter\CodeIgniter->runController()
 8 SYSTEMPATH/CodeIgniter.php(355): CodeIgniter\CodeIgniter->handleRequest()
 9 SYSTEMPATH/Boot.php(312): CodeIgniter\CodeIgniter->run()
10 SYSTEMPATH/Boot.php(67): CodeIgniter\Boot::runCodeIgniter()
11 FCPATH/index.php(56): CodeIgniter\Boot::bootWeb()
ERROR - 2024-04-25 08:50:37 --> mysqli_sql_exception: Duplicate entry 'resaka' for key 'PRIMARY' in /home/iantsogod/server/system/Database/MySQLi/Connection.php:308
Stack trace:
#0 /home/iantsogod/server/system/Database/MySQLi/Connection.php(308): mysqli->query()
#1 /home/iantsogod/server/system/Database/BaseConnection.php(722): CodeIgniter\Database\MySQLi\Connection->execute()
#2 /home/iantsogod/server/system/Database/BaseConnection.php(636): CodeIgniter\Database\BaseConnection->simpleQuery()
#3 /home/iantsogod/server/system/Database/BaseBuilder.php(2325): CodeIgniter\Database\BaseConnection->query()
#4 /home/iantsogod/server/system/Model.php(383): CodeIgniter\Database\BaseBuilder->insert()
#5 /home/iantsogod/server/system/BaseModel.php(840): CodeIgniter\Model->doInsert()
#6 /home/iantsogod/server/system/Model.php(791): CodeIgniter\BaseModel->insert()
#7 /home/iantsogod/server/app/Models/UserModel.php(34): CodeIgniter\Model->insert()
#8 /home/iantsogod/server/app/Controllers/Home.php(76): App\Models\UserModel->createUser()
#9 /home/iantsogod/server/system/CodeIgniter.php(933): App\Controllers\Home->after()
#10 /home/iantsogod/server/system/CodeIgniter.php(509): CodeIgniter\CodeIgniter->runController()
#11 /home/iantsogod/server/system/CodeIgniter.php(355): CodeIgniter\CodeIgniter->handleRequest()
#12 /home/iantsogod/server/system/Boot.php(312): CodeIgniter\CodeIgniter->run()
#13 /home/iantsogod/server/system/Boot.php(67): CodeIgniter\Boot::runCodeIgniter()
#14 /home/iantsogod/server/public/index.php(56): CodeIgniter\Boot::bootWeb()
#15 {main}
CRITICAL - 2024-04-25 08:50:37 --> CodeIgniter\Database\Exceptions\DatabaseException: Duplicate entry 'resaka' for key 'PRIMARY'
[Method: POST, Route: ListAfter]
in SYSTEMPATH/Database/BaseConnection.php on line 676.
 1 SYSTEMPATH/Database/BaseBuilder.php(2325): CodeIgniter\Database\BaseConnection->query()
 2 SYSTEMPATH/Model.php(383): CodeIgniter\Database\BaseBuilder->insert()
 3 SYSTEMPATH/BaseModel.php(840): CodeIgniter\Model->doInsert()
 4 SYSTEMPATH/Model.php(791): CodeIgniter\BaseModel->insert()
 5 APPPATH/Models/UserModel.php(34): CodeIgniter\Model->insert()
 6 APPPATH/Controllers/Home.php(76): App\Models\UserModel->createUser()
 7 SYSTEMPATH/CodeIgniter.php(933): App\Controllers\Home->after()
 8 SYSTEMPATH/CodeIgniter.php(509): CodeIgniter\CodeIgniter->runController()
 9 SYSTEMPATH/CodeIgniter.php(355): CodeIgniter\CodeIgniter->handleRequest()
10 SYSTEMPATH/Boot.php(312): CodeIgniter\CodeIgniter->run()
11 SYSTEMPATH/Boot.php(67): CodeIgniter\Boot::runCodeIgniter()
12 FCPATH/index.php(56): CodeIgniter\Boot::bootWeb()
CRITICAL - 2024-04-25 08:50:37 --> [Caused by] CodeIgniter\Database\Exceptions\DatabaseException: Duplicate entry 'resaka' for key 'PRIMARY'
in SYSTEMPATH/Database/MySQLi/Connection.php on line 313.
 1 SYSTEMPATH/Database/BaseConnection.php(722): CodeIgniter\Database\MySQLi\Connection->execute()
 2 SYSTEMPATH/Database/BaseConnection.php(636): CodeIgniter\Database\BaseConnection->simpleQuery()
 3 SYSTEMPATH/Database/BaseBuilder.php(2325): CodeIgniter\Database\BaseConnection->query()
 4 SYSTEMPATH/Model.php(383): CodeIgniter\Database\BaseBuilder->insert()
 5 SYSTEMPATH/BaseModel.php(840): CodeIgniter\Model->doInsert()
 6 SYSTEMPATH/Model.php(791): CodeIgniter\BaseModel->insert()
 7 APPPATH/Models/UserModel.php(34): CodeIgniter\Model->insert()
 8 APPPATH/Controllers/Home.php(76): App\Models\UserModel->createUser()
 9 SYSTEMPATH/CodeIgniter.php(933): App\Controllers\Home->after()
10 SYSTEMPATH/CodeIgniter.php(509): CodeIgniter\CodeIgniter->runController()
11 SYSTEMPATH/CodeIgniter.php(355): CodeIgniter\CodeIgniter->handleRequest()
12 SYSTEMPATH/Boot.php(312): CodeIgniter\CodeIgniter->run()
13 SYSTEMPATH/Boot.php(67): CodeIgniter\Boot::runCodeIgniter()
14 FCPATH/index.php(56): CodeIgniter\Boot::bootWeb()
CRITICAL - 2024-04-25 08:50:37 --> [Caused by] mysqli_sql_exception: Duplicate entry 'resaka' for key 'PRIMARY'
in SYSTEMPATH/Database/MySQLi/Connection.php on line 308.
 1 SYSTEMPATH/Database/MySQLi/Connection.php(308): mysqli->query()
 2 SYSTEMPATH/Database/BaseConnection.php(722): CodeIgniter\Database\MySQLi\Connection->execute()
 3 SYSTEMPATH/Database/BaseConnection.php(636): CodeIgniter\Database\BaseConnection->simpleQuery()
 4 SYSTEMPATH/Database/BaseBuilder.php(2325): CodeIgniter\Database\BaseConnection->query()
 5 SYSTEMPATH/Model.php(383): CodeIgniter\Database\BaseBuilder->insert()
 6 SYSTEMPATH/BaseModel.php(840): CodeIgniter\Model->doInsert()
 7 SYSTEMPATH/Model.php(791): CodeIgniter\BaseModel->insert()
 8 APPPATH/Models/UserModel.php(34): CodeIgniter\Model->insert()
 9 APPPATH/Controllers/Home.php(76): App\Models\UserModel->createUser()
10 SYSTEMPATH/CodeIgniter.php(933): App\Controllers\Home->after()
11 SYSTEMPATH/CodeIgniter.php(509): CodeIgniter\CodeIgniter->runController()
12 SYSTEMPATH/CodeIgniter.php(355): CodeIgniter\CodeIgniter->handleRequest()
13 SYSTEMPATH/Boot.php(312): CodeIgniter\CodeIgniter->run()
14 SYSTEMPATH/Boot.php(67): CodeIgniter\Boot::runCodeIgniter()
15 FCPATH/index.php(56): CodeIgniter\Boot::bootWeb()
ERROR - 2024-04-25 08:51:14 --> mysqli_sql_exception: Duplicate entry 'ir@mit-ua.mg' for key 'email' in /home/iantsogod/server/system/Database/MySQLi/Connection.php:308
Stack trace:
#0 /home/iantsogod/server/system/Database/MySQLi/Connection.php(308): mysqli->query()
#1 /home/iantsogod/server/system/Database/BaseConnection.php(722): CodeIgniter\Database\MySQLi\Connection->execute()
#2 /home/iantsogod/server/system/Database/BaseConnection.php(636): CodeIgniter\Database\BaseConnection->simpleQuery()
#3 /home/iantsogod/server/system/Database/BaseBuilder.php(2325): CodeIgniter\Database\BaseConnection->query()
#4 /home/iantsogod/server/system/Model.php(383): CodeIgniter\Database\BaseBuilder->insert()
#5 /home/iantsogod/server/system/BaseModel.php(840): CodeIgniter\Model->doInsert()
#6 /home/iantsogod/server/system/Model.php(791): CodeIgniter\BaseModel->insert()
#7 /home/iantsogod/server/app/Models/UserModel.php(34): CodeIgniter\Model->insert()
#8 /home/iantsogod/server/app/Controllers/Home.php(76): App\Models\UserModel->createUser()
#9 /home/iantsogod/server/system/CodeIgniter.php(933): App\Controllers\Home->after()
#10 /home/iantsogod/server/system/CodeIgniter.php(509): CodeIgniter\CodeIgniter->runController()
#11 /home/iantsogod/server/system/CodeIgniter.php(355): CodeIgniter\CodeIgniter->handleRequest()
#12 /home/iantsogod/server/system/Boot.php(312): CodeIgniter\CodeIgniter->run()
#13 /home/iantsogod/server/system/Boot.php(67): CodeIgniter\Boot::runCodeIgniter()
#14 /home/iantsogod/server/public/index.php(56): CodeIgniter\Boot::bootWeb()
#15 {main}
CRITICAL - 2024-04-25 08:51:14 --> CodeIgniter\Database\Exceptions\DatabaseException: Duplicate entry 'ir@mit-ua.mg' for key 'email'
[Method: POST, Route: ListAfter]
in SYSTEMPATH/Database/BaseConnection.php on line 676.
 1 SYSTEMPATH/Database/BaseBuilder.php(2325): CodeIgniter\Database\BaseConnection->query()
 2 SYSTEMPATH/Model.php(383): CodeIgniter\Database\BaseBuilder->insert()
 3 SYSTEMPATH/BaseModel.php(840): CodeIgniter\Model->doInsert()
 4 SYSTEMPATH/Model.php(791): CodeIgniter\BaseModel->insert()
 5 APPPATH/Models/UserModel.php(34): CodeIgniter\Model->insert()
 6 APPPATH/Controllers/Home.php(76): App\Models\UserModel->createUser()
 7 SYSTEMPATH/CodeIgniter.php(933): App\Controllers\Home->after()
 8 SYSTEMPATH/CodeIgniter.php(509): CodeIgniter\CodeIgniter->runController()
 9 SYSTEMPATH/CodeIgniter.php(355): CodeIgniter\CodeIgniter->handleRequest()
10 SYSTEMPATH/Boot.php(312): CodeIgniter\CodeIgniter->run()
11 SYSTEMPATH/Boot.php(67): CodeIgniter\Boot::runCodeIgniter()
12 FCPATH/index.php(56): CodeIgniter\Boot::bootWeb()
CRITICAL - 2024-04-25 08:51:14 --> [Caused by] CodeIgniter\Database\Exceptions\DatabaseException: Duplicate entry 'ir@mit-ua.mg' for key 'email'
in SYSTEMPATH/Database/MySQLi/Connection.php on line 313.
 1 SYSTEMPATH/Database/BaseConnection.php(722): CodeIgniter\Database\MySQLi\Connection->execute()
 2 SYSTEMPATH/Database/BaseConnection.php(636): CodeIgniter\Database\BaseConnection->simpleQuery()
 3 SYSTEMPATH/Database/BaseBuilder.php(2325): CodeIgniter\Database\BaseConnection->query()
 4 SYSTEMPATH/Model.php(383): CodeIgniter\Database\BaseBuilder->insert()
 5 SYSTEMPATH/BaseModel.php(840): CodeIgniter\Model->doInsert()
 6 SYSTEMPATH/Model.php(791): CodeIgniter\BaseModel->insert()
 7 APPPATH/Models/UserModel.php(34): CodeIgniter\Model->insert()
 8 APPPATH/Controllers/Home.php(76): App\Models\UserModel->createUser()
 9 SYSTEMPATH/CodeIgniter.php(933): App\Controllers\Home->after()
10 SYSTEMPATH/CodeIgniter.php(509): CodeIgniter\CodeIgniter->runController()
11 SYSTEMPATH/CodeIgniter.php(355): CodeIgniter\CodeIgniter->handleRequest()
12 SYSTEMPATH/Boot.php(312): CodeIgniter\CodeIgniter->run()
13 SYSTEMPATH/Boot.php(67): CodeIgniter\Boot::runCodeIgniter()
14 FCPATH/index.php(56): CodeIgniter\Boot::bootWeb()
CRITICAL - 2024-04-25 08:51:14 --> [Caused by] mysqli_sql_exception: Duplicate entry 'ir@mit-ua.mg' for key 'email'
in SYSTEMPATH/Database/MySQLi/Connection.php on line 308.
 1 SYSTEMPATH/Database/MySQLi/Connection.php(308): mysqli->query()
 2 SYSTEMPATH/Database/BaseConnection.php(722): CodeIgniter\Database\MySQLi\Connection->execute()
 3 SYSTEMPATH/Database/BaseConnection.php(636): CodeIgniter\Database\BaseConnection->simpleQuery()
 4 SYSTEMPATH/Database/BaseBuilder.php(2325): CodeIgniter\Database\BaseConnection->query()
 5 SYSTEMPATH/Model.php(383): CodeIgniter\Database\BaseBuilder->insert()
 6 SYSTEMPATH/BaseModel.php(840): CodeIgniter\Model->doInsert()
 7 SYSTEMPATH/Model.php(791): CodeIgniter\BaseModel->insert()
 8 APPPATH/Models/UserModel.php(34): CodeIgniter\Model->insert()
 9 APPPATH/Controllers/Home.php(76): App\Models\UserModel->createUser()
10 SYSTEMPATH/CodeIgniter.php(933): App\Controllers\Home->after()
11 SYSTEMPATH/CodeIgniter.php(509): CodeIgniter\CodeIgniter->runController()
12 SYSTEMPATH/CodeIgniter.php(355): CodeIgniter\CodeIgniter->handleRequest()
13 SYSTEMPATH/Boot.php(312): CodeIgniter\CodeIgniter->run()
14 SYSTEMPATH/Boot.php(67): CodeIgniter\Boot::runCodeIgniter()
15 FCPATH/index.php(56): CodeIgniter\Boot::bootWeb()
ERROR - 2024-04-25 08:51:27 --> mysqli_sql_exception: Duplicate entry 'resaka' for key 'PRIMARY' in /home/iantsogod/server/system/Database/MySQLi/Connection.php:308
Stack trace:
#0 /home/iantsogod/server/system/Database/MySQLi/Connection.php(308): mysqli->query()
#1 /home/iantsogod/server/system/Database/BaseConnection.php(722): CodeIgniter\Database\MySQLi\Connection->execute()
#2 /home/iantsogod/server/system/Database/BaseConnection.php(636): CodeIgniter\Database\BaseConnection->simpleQuery()
#3 /home/iantsogod/server/system/Database/BaseBuilder.php(2325): CodeIgniter\Database\BaseConnection->query()
#4 /home/iantsogod/server/system/Model.php(383): CodeIgniter\Database\BaseBuilder->insert()
#5 /home/iantsogod/server/system/BaseModel.php(840): CodeIgniter\Model->doInsert()
#6 /home/iantsogod/server/system/Model.php(791): CodeIgniter\BaseModel->insert()
#7 /home/iantsogod/server/app/Models/UserModel.php(34): CodeIgniter\Model->insert()
#8 /home/iantsogod/server/app/Controllers/Home.php(76): App\Models\UserModel->createUser()
#9 /home/iantsogod/server/system/CodeIgniter.php(933): App\Controllers\Home->after()
#10 /home/iantsogod/server/system/CodeIgniter.php(509): CodeIgniter\CodeIgniter->runController()
#11 /home/iantsogod/server/system/CodeIgniter.php(355): CodeIgniter\CodeIgniter->handleRequest()
#12 /home/iantsogod/server/system/Boot.php(312): CodeIgniter\CodeIgniter->run()
#13 /home/iantsogod/server/system/Boot.php(67): CodeIgniter\Boot::runCodeIgniter()
#14 /home/iantsogod/server/public/index.php(56): CodeIgniter\Boot::bootWeb()
#15 {main}
CRITICAL - 2024-04-25 08:51:27 --> CodeIgniter\Database\Exceptions\DatabaseException: Duplicate entry 'resaka' for key 'PRIMARY'
[Method: POST, Route: ListAfter]
in SYSTEMPATH/Database/BaseConnection.php on line 676.
 1 SYSTEMPATH/Database/BaseBuilder.php(2325): CodeIgniter\Database\BaseConnection->query()
 2 SYSTEMPATH/Model.php(383): CodeIgniter\Database\BaseBuilder->insert()
 3 SYSTEMPATH/BaseModel.php(840): CodeIgniter\Model->doInsert()
 4 SYSTEMPATH/Model.php(791): CodeIgniter\BaseModel->insert()
 5 APPPATH/Models/UserModel.php(34): CodeIgniter\Model->insert()
 6 APPPATH/Controllers/Home.php(76): App\Models\UserModel->createUser()
 7 SYSTEMPATH/CodeIgniter.php(933): App\Controllers\Home->after()
 8 SYSTEMPATH/CodeIgniter.php(509): CodeIgniter\CodeIgniter->runController()
 9 SYSTEMPATH/CodeIgniter.php(355): CodeIgniter\CodeIgniter->handleRequest()
10 SYSTEMPATH/Boot.php(312): CodeIgniter\CodeIgniter->run()
11 SYSTEMPATH/Boot.php(67): CodeIgniter\Boot::runCodeIgniter()
12 FCPATH/index.php(56): CodeIgniter\Boot::bootWeb()
CRITICAL - 2024-04-25 08:51:27 --> [Caused by] CodeIgniter\Database\Exceptions\DatabaseException: Duplicate entry 'resaka' for key 'PRIMARY'
in SYSTEMPATH/Database/MySQLi/Connection.php on line 313.
 1 SYSTEMPATH/Database/BaseConnection.php(722): CodeIgniter\Database\MySQLi\Connection->execute()
 2 SYSTEMPATH/Database/BaseConnection.php(636): CodeIgniter\Database\BaseConnection->simpleQuery()
 3 SYSTEMPATH/Database/BaseBuilder.php(2325): CodeIgniter\Database\BaseConnection->query()
 4 SYSTEMPATH/Model.php(383): CodeIgniter\Database\BaseBuilder->insert()
 5 SYSTEMPATH/BaseModel.php(840): CodeIgniter\Model->doInsert()
 6 SYSTEMPATH/Model.php(791): CodeIgniter\BaseModel->insert()
 7 APPPATH/Models/UserModel.php(34): CodeIgniter\Model->insert()
 8 APPPATH/Controllers/Home.php(76): App\Models\UserModel->createUser()
 9 SYSTEMPATH/CodeIgniter.php(933): App\Controllers\Home->after()
10 SYSTEMPATH/CodeIgniter.php(509): CodeIgniter\CodeIgniter->runController()
11 SYSTEMPATH/CodeIgniter.php(355): CodeIgniter\CodeIgniter->handleRequest()
12 SYSTEMPATH/Boot.php(312): CodeIgniter\CodeIgniter->run()
13 SYSTEMPATH/Boot.php(67): CodeIgniter\Boot::runCodeIgniter()
14 FCPATH/index.php(56): CodeIgniter\Boot::bootWeb()
CRITICAL - 2024-04-25 08:51:27 --> [Caused by] mysqli_sql_exception: Duplicate entry 'resaka' for key 'PRIMARY'
in SYSTEMPATH/Database/MySQLi/Connection.php on line 308.
 1 SYSTEMPATH/Database/MySQLi/Connection.php(308): mysqli->query()
 2 SYSTEMPATH/Database/BaseConnection.php(722): CodeIgniter\Database\MySQLi\Connection->execute()
 3 SYSTEMPATH/Database/BaseConnection.php(636): CodeIgniter\Database\BaseConnection->simpleQuery()
 4 SYSTEMPATH/Database/BaseBuilder.php(2325): CodeIgniter\Database\BaseConnection->query()
 5 SYSTEMPATH/Model.php(383): CodeIgniter\Database\BaseBuilder->insert()
 6 SYSTEMPATH/BaseModel.php(840): CodeIgniter\Model->doInsert()
 7 SYSTEMPATH/Model.php(791): CodeIgniter\BaseModel->insert()
 8 APPPATH/Models/UserModel.php(34): CodeIgniter\Model->insert()
 9 APPPATH/Controllers/Home.php(76): App\Models\UserModel->createUser()
10 SYSTEMPATH/CodeIgniter.php(933): App\Controllers\Home->after()
11 SYSTEMPATH/CodeIgniter.php(509): CodeIgniter\CodeIgniter->runController()
12 SYSTEMPATH/CodeIgniter.php(355): CodeIgniter\CodeIgniter->handleRequest()
13 SYSTEMPATH/Boot.php(312): CodeIgniter\CodeIgniter->run()
14 SYSTEMPATH/Boot.php(67): CodeIgniter\Boot::runCodeIgniter()
15 FCPATH/index.php(56): CodeIgniter\Boot::bootWeb()
ERROR - 2024-04-25 08:53:00 --> mysqli_sql_exception: Duplicate entry 'resa' for key 'PRIMARY' in /home/iantsogod/server/system/Database/MySQLi/Connection.php:308
Stack trace:
#0 /home/iantsogod/server/system/Database/MySQLi/Connection.php(308): mysqli->query()
#1 /home/iantsogod/server/system/Database/BaseConnection.php(722): CodeIgniter\Database\MySQLi\Connection->execute()
#2 /home/iantsogod/server/system/Database/BaseConnection.php(636): CodeIgniter\Database\BaseConnection->simpleQuery()
#3 /home/iantsogod/server/system/Database/BaseBuilder.php(2325): CodeIgniter\Database\BaseConnection->query()
#4 /home/iantsogod/server/system/Model.php(383): CodeIgniter\Database\BaseBuilder->insert()
#5 /home/iantsogod/server/system/BaseModel.php(840): CodeIgniter\Model->doInsert()
#6 /home/iantsogod/server/system/Model.php(791): CodeIgniter\BaseModel->insert()
#7 /home/iantsogod/server/app/Models/UserModel.php(34): CodeIgniter\Model->insert()
#8 /home/iantsogod/server/app/Controllers/Home.php(76): App\Models\UserModel->createUser()
#9 /home/iantsogod/server/system/CodeIgniter.php(933): App\Controllers\Home->after()
#10 /home/iantsogod/server/system/CodeIgniter.php(509): CodeIgniter\CodeIgniter->runController()
#11 /home/iantsogod/server/system/CodeIgniter.php(355): CodeIgniter\CodeIgniter->handleRequest()
#12 /home/iantsogod/server/system/Boot.php(312): CodeIgniter\CodeIgniter->run()
#13 /home/iantsogod/server/system/Boot.php(67): CodeIgniter\Boot::runCodeIgniter()
#14 /home/iantsogod/server/public/index.php(56): CodeIgniter\Boot::bootWeb()
#15 {main}
CRITICAL - 2024-04-25 08:53:00 --> CodeIgniter\Database\Exceptions\DatabaseException: Duplicate entry 'resa' for key 'PRIMARY'
[Method: POST, Route: ListAfter]
in SYSTEMPATH/Database/BaseConnection.php on line 676.
 1 SYSTEMPATH/Database/BaseBuilder.php(2325): CodeIgniter\Database\BaseConnection->query()
 2 SYSTEMPATH/Model.php(383): CodeIgniter\Database\BaseBuilder->insert()
 3 SYSTEMPATH/BaseModel.php(840): CodeIgniter\Model->doInsert()
 4 SYSTEMPATH/Model.php(791): CodeIgniter\BaseModel->insert()
 5 APPPATH/Models/UserModel.php(34): CodeIgniter\Model->insert()
 6 APPPATH/Controllers/Home.php(76): App\Models\UserModel->createUser()
 7 SYSTEMPATH/CodeIgniter.php(933): App\Controllers\Home->after()
 8 SYSTEMPATH/CodeIgniter.php(509): CodeIgniter\CodeIgniter->runController()
 9 SYSTEMPATH/CodeIgniter.php(355): CodeIgniter\CodeIgniter->handleRequest()
10 SYSTEMPATH/Boot.php(312): CodeIgniter\CodeIgniter->run()
11 SYSTEMPATH/Boot.php(67): CodeIgniter\Boot::runCodeIgniter()
12 FCPATH/index.php(56): CodeIgniter\Boot::bootWeb()
CRITICAL - 2024-04-25 08:53:00 --> [Caused by] CodeIgniter\Database\Exceptions\DatabaseException: Duplicate entry 'resa' for key 'PRIMARY'
in SYSTEMPATH/Database/MySQLi/Connection.php on line 313.
 1 SYSTEMPATH/Database/BaseConnection.php(722): CodeIgniter\Database\MySQLi\Connection->execute()
 2 SYSTEMPATH/Database/BaseConnection.php(636): CodeIgniter\Database\BaseConnection->simpleQuery()
 3 SYSTEMPATH/Database/BaseBuilder.php(2325): CodeIgniter\Database\BaseConnection->query()
 4 SYSTEMPATH/Model.php(383): CodeIgniter\Database\BaseBuilder->insert()
 5 SYSTEMPATH/BaseModel.php(840): CodeIgniter\Model->doInsert()
 6 SYSTEMPATH/Model.php(791): CodeIgniter\BaseModel->insert()
 7 APPPATH/Models/UserModel.php(34): CodeIgniter\Model->insert()
 8 APPPATH/Controllers/Home.php(76): App\Models\UserModel->createUser()
 9 SYSTEMPATH/CodeIgniter.php(933): App\Controllers\Home->after()
10 SYSTEMPATH/CodeIgniter.php(509): CodeIgniter\CodeIgniter->runController()
11 SYSTEMPATH/CodeIgniter.php(355): CodeIgniter\CodeIgniter->handleRequest()
12 SYSTEMPATH/Boot.php(312): CodeIgniter\CodeIgniter->run()
13 SYSTEMPATH/Boot.php(67): CodeIgniter\Boot::runCodeIgniter()
14 FCPATH/index.php(56): CodeIgniter\Boot::bootWeb()
CRITICAL - 2024-04-25 08:53:00 --> [Caused by] mysqli_sql_exception: Duplicate entry 'resa' for key 'PRIMARY'
in SYSTEMPATH/Database/MySQLi/Connection.php on line 308.
 1 SYSTEMPATH/Database/MySQLi/Connection.php(308): mysqli->query()
 2 SYSTEMPATH/Database/BaseConnection.php(722): CodeIgniter\Database\MySQLi\Connection->execute()
 3 SYSTEMPATH/Database/BaseConnection.php(636): CodeIgniter\Database\BaseConnection->simpleQuery()
 4 SYSTEMPATH/Database/BaseBuilder.php(2325): CodeIgniter\Database\BaseConnection->query()
 5 SYSTEMPATH/Model.php(383): CodeIgniter\Database\BaseBuilder->insert()
 6 SYSTEMPATH/BaseModel.php(840): CodeIgniter\Model->doInsert()
 7 SYSTEMPATH/Model.php(791): CodeIgniter\BaseModel->insert()
 8 APPPATH/Models/UserModel.php(34): CodeIgniter\Model->insert()
 9 APPPATH/Controllers/Home.php(76): App\Models\UserModel->createUser()
10 SYSTEMPATH/CodeIgniter.php(933): App\Controllers\Home->after()
11 SYSTEMPATH/CodeIgniter.php(509): CodeIgniter\CodeIgniter->runController()
12 SYSTEMPATH/CodeIgniter.php(355): CodeIgniter\CodeIgniter->handleRequest()
13 SYSTEMPATH/Boot.php(312): CodeIgniter\CodeIgniter->run()
14 SYSTEMPATH/Boot.php(67): CodeIgniter\Boot::runCodeIgniter()
15 FCPATH/index.php(56): CodeIgniter\Boot::bootWeb()
CRITICAL - 2024-04-25 14:10:26 --> Error: Call to a member function paginate() on array
[Method: GET, Route: List]
in APPPATH/Controllers/Home.php on line 47.
 1 SYSTEMPATH/CodeIgniter.php(933): App\Controllers\Home->user()
 2 SYSTEMPATH/CodeIgniter.php(509): CodeIgniter\CodeIgniter->runController()
 3 SYSTEMPATH/CodeIgniter.php(355): CodeIgniter\CodeIgniter->handleRequest()
 4 SYSTEMPATH/Boot.php(312): CodeIgniter\CodeIgniter->run()
 5 SYSTEMPATH/Boot.php(67): CodeIgniter\Boot::runCodeIgniter()
 6 FCPATH/index.php(56): CodeIgniter\Boot::bootWeb()
CRITICAL - 2024-04-25 14:10:58 --> Error: Call to a member function findAll() on array
[Method: GET, Route: List]
in APPPATH/Controllers/Home.php on line 47.
 1 SYSTEMPATH/CodeIgniter.php(933): App\Controllers\Home->user()
 2 SYSTEMPATH/CodeIgniter.php(509): CodeIgniter\CodeIgniter->runController()
 3 SYSTEMPATH/CodeIgniter.php(355): CodeIgniter\CodeIgniter->handleRequest()
 4 SYSTEMPATH/Boot.php(312): CodeIgniter\CodeIgniter->run()
 5 SYSTEMPATH/Boot.php(67): CodeIgniter\Boot::runCodeIgniter()
 6 FCPATH/index.php(56): CodeIgniter\Boot::bootWeb()
CRITICAL - 2024-04-25 14:11:00 --> Error: Call to a member function findAll() on array
[Method: GET, Route: List]
in APPPATH/Controllers/Home.php on line 47.
 1 SYSTEMPATH/CodeIgniter.php(933): App\Controllers\Home->user()
 2 SYSTEMPATH/CodeIgniter.php(509): CodeIgniter\CodeIgniter->runController()
 3 SYSTEMPATH/CodeIgniter.php(355): CodeIgniter\CodeIgniter->handleRequest()
 4 SYSTEMPATH/Boot.php(312): CodeIgniter\CodeIgniter->run()
 5 SYSTEMPATH/Boot.php(67): CodeIgniter\Boot::runCodeIgniter()
 6 FCPATH/index.php(56): CodeIgniter\Boot::bootWeb()
CRITICAL - 2024-04-25 14:13:58 --> Error: Call to a member function links() on string
[Method: GET, Route: List]
in APPPATH/Views/userlist.php on line 41.
 1 SYSTEMPATH/View/View.php(234): include()
 2 SYSTEMPATH/View/View.php(237): CodeIgniter\View\View->CodeIgniter\View\{closure}()
 3 SYSTEMPATH/Common.php(1171): CodeIgniter\View\View->render()
 4 APPPATH/Controllers/Home.php(64): view()
 5 SYSTEMPATH/CodeIgniter.php(933): App\Controllers\Home->user()
 6 SYSTEMPATH/CodeIgniter.php(509): CodeIgniter\CodeIgniter->runController()
 7 SYSTEMPATH/CodeIgniter.php(355): CodeIgniter\CodeIgniter->handleRequest()
 8 SYSTEMPATH/Boot.php(312): CodeIgniter\CodeIgniter->run()
 9 SYSTEMPATH/Boot.php(67): CodeIgniter\Boot::runCodeIgniter()
10 FCPATH/index.php(56): CodeIgniter\Boot::bootWeb()
CRITICAL - 2024-04-25 14:13:59 --> Error: Call to a member function links() on string
[Method: GET, Route: List]
in APPPATH/Views/userlist.php on line 41.
 1 SYSTEMPATH/View/View.php(234): include()
 2 SYSTEMPATH/View/View.php(237): CodeIgniter\View\View->CodeIgniter\View\{closure}()
 3 SYSTEMPATH/Common.php(1171): CodeIgniter\View\View->render()
 4 APPPATH/Controllers/Home.php(64): view()
 5 SYSTEMPATH/CodeIgniter.php(933): App\Controllers\Home->user()
 6 SYSTEMPATH/CodeIgniter.php(509): CodeIgniter\CodeIgniter->runController()
 7 SYSTEMPATH/CodeIgniter.php(355): CodeIgniter\CodeIgniter->handleRequest()
 8 SYSTEMPATH/Boot.php(312): CodeIgniter\CodeIgniter->run()
 9 SYSTEMPATH/Boot.php(67): CodeIgniter\Boot::runCodeIgniter()
10 FCPATH/index.php(56): CodeIgniter\Boot::bootWeb()
ERROR - 2024-04-25 14:17:36 --> mysqli_sql_exception: Duplicate entry 'iantso' for key 'PRIMARY' in /home/iantsogod/server/system/Database/MySQLi/Connection.php:308
Stack trace:
#0 /home/iantsogod/server/system/Database/MySQLi/Connection.php(308): mysqli->query()
#1 /home/iantsogod/server/system/Database/BaseConnection.php(722): CodeIgniter\Database\MySQLi\Connection->execute()
#2 /home/iantsogod/server/system/Database/BaseConnection.php(636): CodeIgniter\Database\BaseConnection->simpleQuery()
#3 /home/iantsogod/server/system/Database/BaseBuilder.php(2325): CodeIgniter\Database\BaseConnection->query()
#4 /home/iantsogod/server/system/Model.php(383): CodeIgniter\Database\BaseBuilder->insert()
#5 /home/iantsogod/server/system/BaseModel.php(840): CodeIgniter\Model->doInsert()
#6 /home/iantsogod/server/system/Model.php(791): CodeIgniter\BaseModel->insert()
#7 /home/iantsogod/server/app/Models/UserModel.php(34): CodeIgniter\Model->insert()
#8 /home/iantsogod/server/app/Controllers/Home.php(97): App\Models\UserModel->createUser()
#9 /home/iantsogod/server/system/CodeIgniter.php(933): App\Controllers\Home->after()
#10 /home/iantsogod/server/system/CodeIgniter.php(509): CodeIgniter\CodeIgniter->runController()
#11 /home/iantsogod/server/system/CodeIgniter.php(355): CodeIgniter\CodeIgniter->handleRequest()
#12 /home/iantsogod/server/system/Boot.php(312): CodeIgniter\CodeIgniter->run()
#13 /home/iantsogod/server/system/Boot.php(67): CodeIgniter\Boot::runCodeIgniter()
#14 /home/iantsogod/server/public/index.php(56): CodeIgniter\Boot::bootWeb()
#15 {main}
CRITICAL - 2024-04-25 14:17:36 --> CodeIgniter\Database\Exceptions\DatabaseException: Duplicate entry 'iantso' for key 'PRIMARY'
[Method: POST, Route: ListAfter]
in SYSTEMPATH/Database/BaseConnection.php on line 676.
 1 SYSTEMPATH/Database/BaseBuilder.php(2325): CodeIgniter\Database\BaseConnection->query()
 2 SYSTEMPATH/Model.php(383): CodeIgniter\Database\BaseBuilder->insert()
 3 SYSTEMPATH/BaseModel.php(840): CodeIgniter\Model->doInsert()
 4 SYSTEMPATH/Model.php(791): CodeIgniter\BaseModel->insert()
 5 APPPATH/Models/UserModel.php(34): CodeIgniter\Model->insert()
 6 APPPATH/Controllers/Home.php(97): App\Models\UserModel->createUser()
 7 SYSTEMPATH/CodeIgniter.php(933): App\Controllers\Home->after()
 8 SYSTEMPATH/CodeIgniter.php(509): CodeIgniter\CodeIgniter->runController()
 9 SYSTEMPATH/CodeIgniter.php(355): CodeIgniter\CodeIgniter->handleRequest()
10 SYSTEMPATH/Boot.php(312): CodeIgniter\CodeIgniter->run()
11 SYSTEMPATH/Boot.php(67): CodeIgniter\Boot::runCodeIgniter()
12 FCPATH/index.php(56): CodeIgniter\Boot::bootWeb()
CRITICAL - 2024-04-25 14:17:36 --> [Caused by] CodeIgniter\Database\Exceptions\DatabaseException: Duplicate entry 'iantso' for key 'PRIMARY'
in SYSTEMPATH/Database/MySQLi/Connection.php on line 313.
 1 SYSTEMPATH/Database/BaseConnection.php(722): CodeIgniter\Database\MySQLi\Connection->execute()
 2 SYSTEMPATH/Database/BaseConnection.php(636): CodeIgniter\Database\BaseConnection->simpleQuery()
 3 SYSTEMPATH/Database/BaseBuilder.php(2325): CodeIgniter\Database\BaseConnection->query()
 4 SYSTEMPATH/Model.php(383): CodeIgniter\Database\BaseBuilder->insert()
 5 SYSTEMPATH/BaseModel.php(840): CodeIgniter\Model->doInsert()
 6 SYSTEMPATH/Model.php(791): CodeIgniter\BaseModel->insert()
 7 APPPATH/Models/UserModel.php(34): CodeIgniter\Model->insert()
 8 APPPATH/Controllers/Home.php(97): App\Models\UserModel->createUser()
 9 SYSTEMPATH/CodeIgniter.php(933): App\Controllers\Home->after()
10 SYSTEMPATH/CodeIgniter.php(509): CodeIgniter\CodeIgniter->runController()
11 SYSTEMPATH/CodeIgniter.php(355): CodeIgniter\CodeIgniter->handleRequest()
12 SYSTEMPATH/Boot.php(312): CodeIgniter\CodeIgniter->run()
13 SYSTEMPATH/Boot.php(67): CodeIgniter\Boot::runCodeIgniter()
14 FCPATH/index.php(56): CodeIgniter\Boot::bootWeb()
CRITICAL - 2024-04-25 14:17:36 --> [Caused by] mysqli_sql_exception: Duplicate entry 'iantso' for key 'PRIMARY'
in SYSTEMPATH/Database/MySQLi/Connection.php on line 308.
 1 SYSTEMPATH/Database/MySQLi/Connection.php(308): mysqli->query()
 2 SYSTEMPATH/Database/BaseConnection.php(722): CodeIgniter\Database\MySQLi\Connection->execute()
 3 SYSTEMPATH/Database/BaseConnection.php(636): CodeIgniter\Database\BaseConnection->simpleQuery()
 4 SYSTEMPATH/Database/BaseBuilder.php(2325): CodeIgniter\Database\BaseConnection->query()
 5 SYSTEMPATH/Model.php(383): CodeIgniter\Database\BaseBuilder->insert()
 6 SYSTEMPATH/BaseModel.php(840): CodeIgniter\Model->doInsert()
 7 SYSTEMPATH/Model.php(791): CodeIgniter\BaseModel->insert()
 8 APPPATH/Models/UserModel.php(34): CodeIgniter\Model->insert()
 9 APPPATH/Controllers/Home.php(97): App\Models\UserModel->createUser()
10 SYSTEMPATH/CodeIgniter.php(933): App\Controllers\Home->after()
11 SYSTEMPATH/CodeIgniter.php(509): CodeIgniter\CodeIgniter->runController()
12 SYSTEMPATH/CodeIgniter.php(355): CodeIgniter\CodeIgniter->handleRequest()
13 SYSTEMPATH/Boot.php(312): CodeIgniter\CodeIgniter->run()
14 SYSTEMPATH/Boot.php(67): CodeIgniter\Boot::runCodeIgniter()
15 FCPATH/index.php(56): CodeIgniter\Boot::bootWeb()
CRITICAL - 2024-04-25 14:45:39 --> CodeIgniter\Database\Exceptions\DatabaseException: Updates are not allowed unless they contain a "where" or "like" clause.
[Method: GET, Route: ListAfter]
in SYSTEMPATH/Model.php on line 445.
 1 SYSTEMPATH/BaseModel.php(1028): CodeIgniter\Model->doUpdate()
 2 SYSTEMPATH/Model.php(854): CodeIgniter\BaseModel->update()
 3 APPPATH/Models/UserModel.php(46): CodeIgniter\Model->update()
 4 APPPATH/Controllers/Home.php(94): App\Models\UserModel->changeUser()
 5 SYSTEMPATH/CodeIgniter.php(933): App\Controllers\Home->after()
 6 SYSTEMPATH/CodeIgniter.php(509): CodeIgniter\CodeIgniter->runController()
 7 SYSTEMPATH/CodeIgniter.php(355): CodeIgniter\CodeIgniter->handleRequest()
 8 SYSTEMPATH/Boot.php(312): CodeIgniter\CodeIgniter->run()
 9 SYSTEMPATH/Boot.php(67): CodeIgniter\Boot::runCodeIgniter()
10 FCPATH/index.php(56): CodeIgniter\Boot::bootWeb()
CRITICAL - 2024-04-25 14:46:31 --> CodeIgniter\Database\Exceptions\DatabaseException: Updates are not allowed unless they contain a "where" or "like" clause.
[Method: GET, Route: ListAfter]
in SYSTEMPATH/Model.php on line 445.
 1 SYSTEMPATH/BaseModel.php(1028): CodeIgniter\Model->doUpdate()
 2 SYSTEMPATH/Model.php(854): CodeIgniter\BaseModel->update()
 3 APPPATH/Models/UserModel.php(46): CodeIgniter\Model->update()
 4 APPPATH/Controllers/Home.php(95): App\Models\UserModel->changeUser()
 5 SYSTEMPATH/CodeIgniter.php(933): App\Controllers\Home->after()
 6 SYSTEMPATH/CodeIgniter.php(509): CodeIgniter\CodeIgniter->runController()
 7 SYSTEMPATH/CodeIgniter.php(355): CodeIgniter\CodeIgniter->handleRequest()
 8 SYSTEMPATH/Boot.php(312): CodeIgniter\CodeIgniter->run()
 9 SYSTEMPATH/Boot.php(67): CodeIgniter\Boot::runCodeIgniter()
10 FCPATH/index.php(56): CodeIgniter\Boot::bootWeb()
WARNING - 2024-04-25 14:47:17 --> [DEPRECATED] strcmp(): Passing null to parameter #1 ($string1) of type string is deprecated in APPPATH/Controllers/Home.php on line 94.
 1 APPPATH/Controllers/Home.php(94): strcmp(null, '')
 2 SYSTEMPATH/CodeIgniter.php(933): App\Controllers\Home->after()
 3 SYSTEMPATH/CodeIgniter.php(509): CodeIgniter\CodeIgniter->runController(Object(App\Controllers\Home))
 4 SYSTEMPATH/CodeIgniter.php(355): CodeIgniter\CodeIgniter->handleRequest(null, Object(Config\Cache), false)
 5 SYSTEMPATH/Boot.php(312): CodeIgniter\CodeIgniter->run()
 6 SYSTEMPATH/Boot.php(67): CodeIgniter\Boot::runCodeIgniter(Object(CodeIgniter\CodeIgniter))
 7 FCPATH/index.php(56): CodeIgniter\Boot::bootWeb(Object(Config\Paths))
WARNING - 2024-04-25 14:47:20 --> [DEPRECATED] strcmp(): Passing null to parameter #1 ($string1) of type string is deprecated in APPPATH/Controllers/Home.php on line 94.
 1 APPPATH/Controllers/Home.php(94): strcmp(null, '')
 2 SYSTEMPATH/CodeIgniter.php(933): App\Controllers\Home->after()
 3 SYSTEMPATH/CodeIgniter.php(509): CodeIgniter\CodeIgniter->runController(Object(App\Controllers\Home))
 4 SYSTEMPATH/CodeIgniter.php(355): CodeIgniter\CodeIgniter->handleRequest(null, Object(Config\Cache), false)
 5 SYSTEMPATH/Boot.php(312): CodeIgniter\CodeIgniter->run()
 6 SYSTEMPATH/Boot.php(67): CodeIgniter\Boot::runCodeIgniter(Object(CodeIgniter\CodeIgniter))
 7 FCPATH/index.php(56): CodeIgniter\Boot::bootWeb(Object(Config\Paths))
WARNING - 2024-04-25 14:47:21 --> [DEPRECATED] strcmp(): Passing null to parameter #1 ($string1) of type string is deprecated in APPPATH/Controllers/Home.php on line 94.
 1 APPPATH/Controllers/Home.php(94): strcmp(null, '')
 2 SYSTEMPATH/CodeIgniter.php(933): App\Controllers\Home->after()
 3 SYSTEMPATH/CodeIgniter.php(509): CodeIgniter\CodeIgniter->runController(Object(App\Controllers\Home))
 4 SYSTEMPATH/CodeIgniter.php(355): CodeIgniter\CodeIgniter->handleRequest(null, Object(Config\Cache), false)
 5 SYSTEMPATH/Boot.php(312): CodeIgniter\CodeIgniter->run()
 6 SYSTEMPATH/Boot.php(67): CodeIgniter\Boot::runCodeIgniter(Object(CodeIgniter\CodeIgniter))
 7 FCPATH/index.php(56): CodeIgniter\Boot::bootWeb(Object(Config\Paths))
WARNING - 2024-04-25 14:55:18 --> [DEPRECATED] strcmp(): Passing null to parameter #1 ($string1) of type string is deprecated in APPPATH/Controllers/Home.php on line 80.
 1 APPPATH/Controllers/Home.php(80): strcmp(null, '')
 2 SYSTEMPATH/CodeIgniter.php(933): App\Controllers\Home->modif()
 3 SYSTEMPATH/CodeIgniter.php(509): CodeIgniter\CodeIgniter->runController(Object(App\Controllers\Home))
 4 SYSTEMPATH/CodeIgniter.php(355): CodeIgniter\CodeIgniter->handleRequest(null, Object(Config\Cache), false)
 5 SYSTEMPATH/Boot.php(312): CodeIgniter\CodeIgniter->run()
 6 SYSTEMPATH/Boot.php(67): CodeIgniter\Boot::runCodeIgniter(Object(CodeIgniter\CodeIgniter))
 7 FCPATH/index.php(56): CodeIgniter\Boot::bootWeb(Object(Config\Paths))
WARNING - 2024-04-25 14:55:22 --> [DEPRECATED] strcmp(): Passing null to parameter #1 ($string1) of type string is deprecated in APPPATH/Controllers/Home.php on line 80.
 1 APPPATH/Controllers/Home.php(80): strcmp(null, '')
 2 SYSTEMPATH/CodeIgniter.php(933): App\Controllers\Home->modif()
 3 SYSTEMPATH/CodeIgniter.php(509): CodeIgniter\CodeIgniter->runController(Object(App\Controllers\Home))
 4 SYSTEMPATH/CodeIgniter.php(355): CodeIgniter\CodeIgniter->handleRequest(null, Object(Config\Cache), false)
 5 SYSTEMPATH/Boot.php(312): CodeIgniter\CodeIgniter->run()
 6 SYSTEMPATH/Boot.php(67): CodeIgniter\Boot::runCodeIgniter(Object(CodeIgniter\CodeIgniter))
 7 FCPATH/index.php(56): CodeIgniter\Boot::bootWeb(Object(Config\Paths))
CRITICAL - 2024-04-25 14:55:22 --> ErrorException: Trying to access array offset on value of type null
[Method: GET, Route: Modif]
in APPPATH/Views/modify.php on line 9.
 1 APPPATH/Views/modify.php(9): CodeIgniter\Debug\Exceptions->errorHandler()
 2 SYSTEMPATH/View/View.php(234): include('/home/iantsogod/server/app/Views/modify.php')
 3 SYSTEMPATH/View/View.php(237): CodeIgniter\View\View->CodeIgniter\View\{closure}()
 4 SYSTEMPATH/Common.php(1171): CodeIgniter\View\View->render()
 5 APPPATH/Controllers/Home.php(90): view()
 6 SYSTEMPATH/CodeIgniter.php(933): App\Controllers\Home->modif()
 7 SYSTEMPATH/CodeIgniter.php(509): CodeIgniter\CodeIgniter->runController()
 8 SYSTEMPATH/CodeIgniter.php(355): CodeIgniter\CodeIgniter->handleRequest()
 9 SYSTEMPATH/Boot.php(312): CodeIgniter\CodeIgniter->run()
10 SYSTEMPATH/Boot.php(67): CodeIgniter\Boot::runCodeIgniter()
11 FCPATH/index.php(56): CodeIgniter\Boot::bootWeb()
WARNING - 2024-04-25 14:55:34 --> [DEPRECATED] strcmp(): Passing null to parameter #1 ($string1) of type string is deprecated in APPPATH/Controllers/Home.php on line 80.
 1 APPPATH/Controllers/Home.php(80): strcmp(null, '')
 2 SYSTEMPATH/CodeIgniter.php(933): App\Controllers\Home->modif()
 3 SYSTEMPATH/CodeIgniter.php(509): CodeIgniter\CodeIgniter->runController(Object(App\Controllers\Home))
 4 SYSTEMPATH/CodeIgniter.php(355): CodeIgniter\CodeIgniter->handleRequest(null, Object(Config\Cache), false)
 5 SYSTEMPATH/Boot.php(312): CodeIgniter\CodeIgniter->run()
 6 SYSTEMPATH/Boot.php(67): CodeIgniter\Boot::runCodeIgniter(Object(CodeIgniter\CodeIgniter))
 7 FCPATH/index.php(56): CodeIgniter\Boot::bootWeb(Object(Config\Paths))
WARNING - 2024-04-25 14:55:38 --> [DEPRECATED] strcmp(): Passing null to parameter #1 ($string1) of type string is deprecated in APPPATH/Controllers/Home.php on line 80.
 1 APPPATH/Controllers/Home.php(80): strcmp(null, '')
 2 SYSTEMPATH/CodeIgniter.php(933): App\Controllers\Home->modif()
 3 SYSTEMPATH/CodeIgniter.php(509): CodeIgniter\CodeIgniter->runController(Object(App\Controllers\Home))
 4 SYSTEMPATH/CodeIgniter.php(355): CodeIgniter\CodeIgniter->handleRequest(null, Object(Config\Cache), false)
 5 SYSTEMPATH/Boot.php(312): CodeIgniter\CodeIgniter->run()
 6 SYSTEMPATH/Boot.php(67): CodeIgniter\Boot::runCodeIgniter(Object(CodeIgniter\CodeIgniter))
 7 FCPATH/index.php(56): CodeIgniter\Boot::bootWeb(Object(Config\Paths))
CRITICAL - 2024-04-25 14:55:38 --> ErrorException: Trying to access array offset on value of type null
[Method: GET, Route: Modif]
in APPPATH/Views/modify.php on line 9.
 1 APPPATH/Views/modify.php(9): CodeIgniter\Debug\Exceptions->errorHandler()
 2 SYSTEMPATH/View/View.php(234): include('/home/iantsogod/server/app/Views/modify.php')
 3 SYSTEMPATH/View/View.php(237): CodeIgniter\View\View->CodeIgniter\View\{closure}()
 4 SYSTEMPATH/Common.php(1171): CodeIgniter\View\View->render()
 5 APPPATH/Controllers/Home.php(90): view()
 6 SYSTEMPATH/CodeIgniter.php(933): App\Controllers\Home->modif()
 7 SYSTEMPATH/CodeIgniter.php(509): CodeIgniter\CodeIgniter->runController()
 8 SYSTEMPATH/CodeIgniter.php(355): CodeIgniter\CodeIgniter->handleRequest()
 9 SYSTEMPATH/Boot.php(312): CodeIgniter\CodeIgniter->run()
10 SYSTEMPATH/Boot.php(67): CodeIgniter\Boot::runCodeIgniter()
11 FCPATH/index.php(56): CodeIgniter\Boot::bootWeb()
WARNING - 2024-04-25 14:56:34 --> [DEPRECATED] strcmp(): Passing null to parameter #1 ($string1) of type string is deprecated in APPPATH/Controllers/Home.php on line 80.
 1 APPPATH/Controllers/Home.php(80): strcmp(null, '')
 2 SYSTEMPATH/CodeIgniter.php(933): App\Controllers\Home->modif()
 3 SYSTEMPATH/CodeIgniter.php(509): CodeIgniter\CodeIgniter->runController(Object(App\Controllers\Home))
 4 SYSTEMPATH/CodeIgniter.php(355): CodeIgniter\CodeIgniter->handleRequest(null, Object(Config\Cache), false)
 5 SYSTEMPATH/Boot.php(312): CodeIgniter\CodeIgniter->run()
 6 SYSTEMPATH/Boot.php(67): CodeIgniter\Boot::runCodeIgniter(Object(CodeIgniter\CodeIgniter))
 7 FCPATH/index.php(56): CodeIgniter\Boot::bootWeb(Object(Config\Paths))
WARNING - 2024-04-25 14:59:35 --> [DEPRECATED] strcmp(): Passing null to parameter #1 ($string1) of type string is deprecated in APPPATH/Controllers/Home.php on line 80.
 1 APPPATH/Controllers/Home.php(80): strcmp(null, '')
 2 SYSTEMPATH/CodeIgniter.php(933): App\Controllers\Home->modif()
 3 SYSTEMPATH/CodeIgniter.php(509): CodeIgniter\CodeIgniter->runController(Object(App\Controllers\Home))
 4 SYSTEMPATH/CodeIgniter.php(355): CodeIgniter\CodeIgniter->handleRequest(null, Object(Config\Cache), false)
 5 SYSTEMPATH/Boot.php(312): CodeIgniter\CodeIgniter->run()
 6 SYSTEMPATH/Boot.php(67): CodeIgniter\Boot::runCodeIgniter(Object(CodeIgniter\CodeIgniter))
 7 FCPATH/index.php(56): CodeIgniter\Boot::bootWeb(Object(Config\Paths))
CRITICAL - 2024-04-25 14:59:35 --> Error: Call to undefined function isEmpty()
[Method: POST, Route: Modif]
in APPPATH/Views/modify.php on line 9.
 1 SYSTEMPATH/View/View.php(234): include()
 2 SYSTEMPATH/View/View.php(237): CodeIgniter\View\View->CodeIgniter\View\{closure}()
 3 SYSTEMPATH/Common.php(1171): CodeIgniter\View\View->render()
 4 APPPATH/Controllers/Home.php(91): view()
 5 SYSTEMPATH/CodeIgniter.php(933): App\Controllers\Home->modif()
 6 SYSTEMPATH/CodeIgniter.php(509): CodeIgniter\CodeIgniter->runController()
 7 SYSTEMPATH/CodeIgniter.php(355): CodeIgniter\CodeIgniter->handleRequest()
 8 SYSTEMPATH/Boot.php(312): CodeIgniter\CodeIgniter->run()
 9 SYSTEMPATH/Boot.php(67): CodeIgniter\Boot::runCodeIgniter()
10 FCPATH/index.php(56): CodeIgniter\Boot::bootWeb()
WARNING - 2024-04-25 15:00:38 --> [DEPRECATED] strcmp(): Passing null to parameter #1 ($string1) of type string is deprecated in APPPATH/Controllers/Home.php on line 80.
 1 APPPATH/Controllers/Home.php(80): strcmp(null, '')
 2 SYSTEMPATH/CodeIgniter.php(933): App\Controllers\Home->modif()
 3 SYSTEMPATH/CodeIgniter.php(509): CodeIgniter\CodeIgniter->runController(Object(App\Controllers\Home))
 4 SYSTEMPATH/CodeIgniter.php(355): CodeIgniter\CodeIgniter->handleRequest(null, Object(Config\Cache), false)
 5 SYSTEMPATH/Boot.php(312): CodeIgniter\CodeIgniter->run()
 6 SYSTEMPATH/Boot.php(67): CodeIgniter\Boot::runCodeIgniter(Object(CodeIgniter\CodeIgniter))
 7 FCPATH/index.php(56): CodeIgniter\Boot::bootWeb(Object(Config\Paths))
WARNING - 2024-04-25 15:00:47 --> [DEPRECATED] strcmp(): Passing null to parameter #1 ($string1) of type string is deprecated in APPPATH/Controllers/Home.php on line 80.
 1 APPPATH/Controllers/Home.php(80): strcmp(null, '')
 2 SYSTEMPATH/CodeIgniter.php(933): App\Controllers\Home->modif()
 3 SYSTEMPATH/CodeIgniter.php(509): CodeIgniter\CodeIgniter->runController(Object(App\Controllers\Home))
 4 SYSTEMPATH/CodeIgniter.php(355): CodeIgniter\CodeIgniter->handleRequest(null, Object(Config\Cache), false)
 5 SYSTEMPATH/Boot.php(312): CodeIgniter\CodeIgniter->run()
 6 SYSTEMPATH/Boot.php(67): CodeIgniter\Boot::runCodeIgniter(Object(CodeIgniter\CodeIgniter))
 7 FCPATH/index.php(56): CodeIgniter\Boot::bootWeb(Object(Config\Paths))
WARNING - 2024-04-25 15:00:49 --> [DEPRECATED] strcmp(): Passing null to parameter #1 ($string1) of type string is deprecated in APPPATH/Controllers/Home.php on line 80.
 1 APPPATH/Controllers/Home.php(80): strcmp(null, '')
 2 SYSTEMPATH/CodeIgniter.php(933): App\Controllers\Home->modif()
 3 SYSTEMPATH/CodeIgniter.php(509): CodeIgniter\CodeIgniter->runController(Object(App\Controllers\Home))
 4 SYSTEMPATH/CodeIgniter.php(355): CodeIgniter\CodeIgniter->handleRequest(null, Object(Config\Cache), false)
 5 SYSTEMPATH/Boot.php(312): CodeIgniter\CodeIgniter->run()
 6 SYSTEMPATH/Boot.php(67): CodeIgniter\Boot::runCodeIgniter(Object(CodeIgniter\CodeIgniter))
 7 FCPATH/index.php(56): CodeIgniter\Boot::bootWeb(Object(Config\Paths))
WARNING - 2024-04-25 15:00:51 --> [DEPRECATED] strcmp(): Passing null to parameter #1 ($string1) of type string is deprecated in APPPATH/Controllers/Home.php on line 80.
 1 APPPATH/Controllers/Home.php(80): strcmp(null, '')
 2 SYSTEMPATH/CodeIgniter.php(933): App\Controllers\Home->modif()
 3 SYSTEMPATH/CodeIgniter.php(509): CodeIgniter\CodeIgniter->runController(Object(App\Controllers\Home))
 4 SYSTEMPATH/CodeIgniter.php(355): CodeIgniter\CodeIgniter->handleRequest(null, Object(Config\Cache), false)
 5 SYSTEMPATH/Boot.php(312): CodeIgniter\CodeIgniter->run()
 6 SYSTEMPATH/Boot.php(67): CodeIgniter\Boot::runCodeIgniter(Object(CodeIgniter\CodeIgniter))
 7 FCPATH/index.php(56): CodeIgniter\Boot::bootWeb(Object(Config\Paths))
WARNING - 2024-04-25 15:00:53 --> [DEPRECATED] strcmp(): Passing null to parameter #1 ($string1) of type string is deprecated in APPPATH/Controllers/Home.php on line 80.
 1 APPPATH/Controllers/Home.php(80): strcmp(null, '')
 2 SYSTEMPATH/CodeIgniter.php(933): App\Controllers\Home->modif()
 3 SYSTEMPATH/CodeIgniter.php(509): CodeIgniter\CodeIgniter->runController(Object(App\Controllers\Home))
 4 SYSTEMPATH/CodeIgniter.php(355): CodeIgniter\CodeIgniter->handleRequest(null, Object(Config\Cache), false)
 5 SYSTEMPATH/Boot.php(312): CodeIgniter\CodeIgniter->run()
 6 SYSTEMPATH/Boot.php(67): CodeIgniter\Boot::runCodeIgniter(Object(CodeIgniter\CodeIgniter))
 7 FCPATH/index.php(56): CodeIgniter\Boot::bootWeb(Object(Config\Paths))
WARNING - 2024-04-25 15:00:54 --> [DEPRECATED] strcmp(): Passing null to parameter #1 ($string1) of type string is deprecated in APPPATH/Controllers/Home.php on line 80.
 1 APPPATH/Controllers/Home.php(80): strcmp(null, '')
 2 SYSTEMPATH/CodeIgniter.php(933): App\Controllers\Home->modif()
 3 SYSTEMPATH/CodeIgniter.php(509): CodeIgniter\CodeIgniter->runController(Object(App\Controllers\Home))
 4 SYSTEMPATH/CodeIgniter.php(355): CodeIgniter\CodeIgniter->handleRequest(null, Object(Config\Cache), false)
 5 SYSTEMPATH/Boot.php(312): CodeIgniter\CodeIgniter->run()
 6 SYSTEMPATH/Boot.php(67): CodeIgniter\Boot::runCodeIgniter(Object(CodeIgniter\CodeIgniter))
 7 FCPATH/index.php(56): CodeIgniter\Boot::bootWeb(Object(Config\Paths))
WARNING - 2024-04-25 15:01:48 --> [DEPRECATED] strcmp(): Passing null to parameter #1 ($string1) of type string is deprecated in APPPATH/Controllers/Home.php on line 80.
 1 APPPATH/Controllers/Home.php(80): strcmp(null, '')
 2 SYSTEMPATH/CodeIgniter.php(933): App\Controllers\Home->modif()
 3 SYSTEMPATH/CodeIgniter.php(509): CodeIgniter\CodeIgniter->runController(Object(App\Controllers\Home))
 4 SYSTEMPATH/CodeIgniter.php(355): CodeIgniter\CodeIgniter->handleRequest(null, Object(Config\Cache), false)
 5 SYSTEMPATH/Boot.php(312): CodeIgniter\CodeIgniter->run()
 6 SYSTEMPATH/Boot.php(67): CodeIgniter\Boot::runCodeIgniter(Object(CodeIgniter\CodeIgniter))
 7 FCPATH/index.php(56): CodeIgniter\Boot::bootWeb(Object(Config\Paths))
CRITICAL - 2024-04-25 15:01:48 --> CodeIgniter\Database\Exceptions\DatabaseException: Deletes are not allowed unless they contain a "where" or "like" clause.
[Method: GET, Route: Modif]
in SYSTEMPATH/Database/BaseBuilder.php on line 2794.
 1 SYSTEMPATH/Model.php(510): CodeIgniter\Database\BaseBuilder->delete()
 2 SYSTEMPATH/BaseModel.php(1158): CodeIgniter\Model->doDelete()
 3 APPPATH/Controllers/Home.php(88): CodeIgniter\BaseModel->delete()
 4 SYSTEMPATH/CodeIgniter.php(933): App\Controllers\Home->modif()
 5 SYSTEMPATH/CodeIgniter.php(509): CodeIgniter\CodeIgniter->runController()
 6 SYSTEMPATH/CodeIgniter.php(355): CodeIgniter\CodeIgniter->handleRequest()
 7 SYSTEMPATH/Boot.php(312): CodeIgniter\CodeIgniter->run()
 8 SYSTEMPATH/Boot.php(67): CodeIgniter\Boot::runCodeIgniter()
 9 FCPATH/index.php(56): CodeIgniter\Boot::bootWeb()
WARNING - 2024-04-25 15:02:15 --> [DEPRECATED] strcmp(): Passing null to parameter #1 ($string1) of type string is deprecated in APPPATH/Controllers/Home.php on line 80.
 1 APPPATH/Controllers/Home.php(80): strcmp(null, '')
 2 SYSTEMPATH/CodeIgniter.php(933): App\Controllers\Home->modif()
 3 SYSTEMPATH/CodeIgniter.php(509): CodeIgniter\CodeIgniter->runController(Object(App\Controllers\Home))
 4 SYSTEMPATH/CodeIgniter.php(355): CodeIgniter\CodeIgniter->handleRequest(null, Object(Config\Cache), false)
 5 SYSTEMPATH/Boot.php(312): CodeIgniter\CodeIgniter->run()
 6 SYSTEMPATH/Boot.php(67): CodeIgniter\Boot::runCodeIgniter(Object(CodeIgniter\CodeIgniter))
 7 FCPATH/index.php(56): CodeIgniter\Boot::bootWeb(Object(Config\Paths))
WARNING - 2024-04-25 15:02:18 --> [DEPRECATED] strcmp(): Passing null to parameter #1 ($string1) of type string is deprecated in APPPATH/Controllers/Home.php on line 80.
 1 APPPATH/Controllers/Home.php(80): strcmp(null, '')
 2 SYSTEMPATH/CodeIgniter.php(933): App\Controllers\Home->modif()
 3 SYSTEMPATH/CodeIgniter.php(509): CodeIgniter\CodeIgniter->runController(Object(App\Controllers\Home))
 4 SYSTEMPATH/CodeIgniter.php(355): CodeIgniter\CodeIgniter->handleRequest(null, Object(Config\Cache), false)
 5 SYSTEMPATH/Boot.php(312): CodeIgniter\CodeIgniter->run()
 6 SYSTEMPATH/Boot.php(67): CodeIgniter\Boot::runCodeIgniter(Object(CodeIgniter\CodeIgniter))
 7 FCPATH/index.php(56): CodeIgniter\Boot::bootWeb(Object(Config\Paths))
WARNING - 2024-04-25 15:02:21 --> [DEPRECATED] strcmp(): Passing null to parameter #1 ($string1) of type string is deprecated in APPPATH/Controllers/Home.php on line 80.
 1 APPPATH/Controllers/Home.php(80): strcmp(null, '')
 2 SYSTEMPATH/CodeIgniter.php(933): App\Controllers\Home->modif()
 3 SYSTEMPATH/CodeIgniter.php(509): CodeIgniter\CodeIgniter->runController(Object(App\Controllers\Home))
 4 SYSTEMPATH/CodeIgniter.php(355): CodeIgniter\CodeIgniter->handleRequest(null, Object(Config\Cache), false)
 5 SYSTEMPATH/Boot.php(312): CodeIgniter\CodeIgniter->run()
 6 SYSTEMPATH/Boot.php(67): CodeIgniter\Boot::runCodeIgniter(Object(CodeIgniter\CodeIgniter))
 7 FCPATH/index.php(56): CodeIgniter\Boot::bootWeb(Object(Config\Paths))
WARNING - 2024-04-25 15:05:30 --> [DEPRECATED] strcmp(): Passing null to parameter #1 ($string1) of type string is deprecated in APPPATH/Controllers/Home.php on line 80.
 1 APPPATH/Controllers/Home.php(80): strcmp(null, '')
 2 SYSTEMPATH/CodeIgniter.php(933): App\Controllers\Home->modif()
 3 SYSTEMPATH/CodeIgniter.php(509): CodeIgniter\CodeIgniter->runController(Object(App\Controllers\Home))
 4 SYSTEMPATH/CodeIgniter.php(355): CodeIgniter\CodeIgniter->handleRequest(null, Object(Config\Cache), false)
 5 SYSTEMPATH/Boot.php(312): CodeIgniter\CodeIgniter->run()
 6 SYSTEMPATH/Boot.php(67): CodeIgniter\Boot::runCodeIgniter(Object(CodeIgniter\CodeIgniter))
 7 FCPATH/index.php(56): CodeIgniter\Boot::bootWeb(Object(Config\Paths))
WARNING - 2024-04-25 15:06:41 --> [DEPRECATED] strcmp(): Passing null to parameter #1 ($string1) of type string is deprecated in APPPATH/Controllers/Home.php on line 80.
 1 APPPATH/Controllers/Home.php(80): strcmp(null, '')
 2 SYSTEMPATH/CodeIgniter.php(933): App\Controllers\Home->modif()
 3 SYSTEMPATH/CodeIgniter.php(509): CodeIgniter\CodeIgniter->runController(Object(App\Controllers\Home))
 4 SYSTEMPATH/CodeIgniter.php(355): CodeIgniter\CodeIgniter->handleRequest(null, Object(Config\Cache), false)
 5 SYSTEMPATH/Boot.php(312): CodeIgniter\CodeIgniter->run()
 6 SYSTEMPATH/Boot.php(67): CodeIgniter\Boot::runCodeIgniter(Object(CodeIgniter\CodeIgniter))
 7 FCPATH/index.php(56): CodeIgniter\Boot::bootWeb(Object(Config\Paths))
WARNING - 2024-04-25 15:06:42 --> [DEPRECATED] strcmp(): Passing null to parameter #1 ($string1) of type string is deprecated in APPPATH/Controllers/Home.php on line 80.
 1 APPPATH/Controllers/Home.php(80): strcmp(null, '')
 2 SYSTEMPATH/CodeIgniter.php(933): App\Controllers\Home->modif()
 3 SYSTEMPATH/CodeIgniter.php(509): CodeIgniter\CodeIgniter->runController(Object(App\Controllers\Home))
 4 SYSTEMPATH/CodeIgniter.php(355): CodeIgniter\CodeIgniter->handleRequest(null, Object(Config\Cache), false)
 5 SYSTEMPATH/Boot.php(312): CodeIgniter\CodeIgniter->run()
 6 SYSTEMPATH/Boot.php(67): CodeIgniter\Boot::runCodeIgniter(Object(CodeIgniter\CodeIgniter))
 7 FCPATH/index.php(56): CodeIgniter\Boot::bootWeb(Object(Config\Paths))
WARNING - 2024-04-25 15:06:43 --> [DEPRECATED] strcmp(): Passing null to parameter #1 ($string1) of type string is deprecated in APPPATH/Controllers/Home.php on line 80.
 1 APPPATH/Controllers/Home.php(80): strcmp(null, '')
 2 SYSTEMPATH/CodeIgniter.php(933): App\Controllers\Home->modif()
 3 SYSTEMPATH/CodeIgniter.php(509): CodeIgniter\CodeIgniter->runController(Object(App\Controllers\Home))
 4 SYSTEMPATH/CodeIgniter.php(355): CodeIgniter\CodeIgniter->handleRequest(null, Object(Config\Cache), false)
 5 SYSTEMPATH/Boot.php(312): CodeIgniter\CodeIgniter->run()
 6 SYSTEMPATH/Boot.php(67): CodeIgniter\Boot::runCodeIgniter(Object(CodeIgniter\CodeIgniter))
 7 FCPATH/index.php(56): CodeIgniter\Boot::bootWeb(Object(Config\Paths))
WARNING - 2024-04-25 15:06:47 --> [DEPRECATED] strcmp(): Passing null to parameter #1 ($string1) of type string is deprecated in APPPATH/Controllers/Home.php on line 80.
 1 APPPATH/Controllers/Home.php(80): strcmp(null, '')
 2 SYSTEMPATH/CodeIgniter.php(933): App\Controllers\Home->modif()
 3 SYSTEMPATH/CodeIgniter.php(509): CodeIgniter\CodeIgniter->runController(Object(App\Controllers\Home))
 4 SYSTEMPATH/CodeIgniter.php(355): CodeIgniter\CodeIgniter->handleRequest(null, Object(Config\Cache), false)
 5 SYSTEMPATH/Boot.php(312): CodeIgniter\CodeIgniter->run()
 6 SYSTEMPATH/Boot.php(67): CodeIgniter\Boot::runCodeIgniter(Object(CodeIgniter\CodeIgniter))
 7 FCPATH/index.php(56): CodeIgniter\Boot::bootWeb(Object(Config\Paths))
WARNING - 2024-04-25 15:07:16 --> [DEPRECATED] strcmp(): Passing null to parameter #1 ($string1) of type string is deprecated in APPPATH/Controllers/Home.php on line 80.
 1 APPPATH/Controllers/Home.php(80): strcmp(null, '')
 2 SYSTEMPATH/CodeIgniter.php(933): App\Controllers\Home->modif()
 3 SYSTEMPATH/CodeIgniter.php(509): CodeIgniter\CodeIgniter->runController(Object(App\Controllers\Home))
 4 SYSTEMPATH/CodeIgniter.php(355): CodeIgniter\CodeIgniter->handleRequest(null, Object(Config\Cache), false)
 5 SYSTEMPATH/Boot.php(312): CodeIgniter\CodeIgniter->run()
 6 SYSTEMPATH/Boot.php(67): CodeIgniter\Boot::runCodeIgniter(Object(CodeIgniter\CodeIgniter))
 7 FCPATH/index.php(56): CodeIgniter\Boot::bootWeb(Object(Config\Paths))
WARNING - 2024-04-25 15:08:29 --> [DEPRECATED] strcmp(): Passing null to parameter #1 ($string1) of type string is deprecated in APPPATH/Controllers/Home.php on line 80.
 1 APPPATH/Controllers/Home.php(80): strcmp(null, '')
 2 SYSTEMPATH/CodeIgniter.php(933): App\Controllers\Home->modif()
 3 SYSTEMPATH/CodeIgniter.php(509): CodeIgniter\CodeIgniter->runController(Object(App\Controllers\Home))
 4 SYSTEMPATH/CodeIgniter.php(355): CodeIgniter\CodeIgniter->handleRequest(null, Object(Config\Cache), false)
 5 SYSTEMPATH/Boot.php(312): CodeIgniter\CodeIgniter->run()
 6 SYSTEMPATH/Boot.php(67): CodeIgniter\Boot::runCodeIgniter(Object(CodeIgniter\CodeIgniter))
 7 FCPATH/index.php(56): CodeIgniter\Boot::bootWeb(Object(Config\Paths))
WARNING - 2024-04-25 15:11:56 --> [DEPRECATED] strcmp(): Passing null to parameter #1 ($string1) of type string is deprecated in APPPATH/Controllers/Home.php on line 80.
 1 APPPATH/Controllers/Home.php(80): strcmp(null, '')
 2 SYSTEMPATH/CodeIgniter.php(933): App\Controllers\Home->modif()
 3 SYSTEMPATH/CodeIgniter.php(509): CodeIgniter\CodeIgniter->runController(Object(App\Controllers\Home))
 4 SYSTEMPATH/CodeIgniter.php(355): CodeIgniter\CodeIgniter->handleRequest(null, Object(Config\Cache), false)
 5 SYSTEMPATH/Boot.php(312): CodeIgniter\CodeIgniter->run()
 6 SYSTEMPATH/Boot.php(67): CodeIgniter\Boot::runCodeIgniter(Object(CodeIgniter\CodeIgniter))
 7 FCPATH/index.php(56): CodeIgniter\Boot::bootWeb(Object(Config\Paths))
WARNING - 2024-04-25 15:12:10 --> [DEPRECATED] strcmp(): Passing null to parameter #1 ($string1) of type string is deprecated in APPPATH/Controllers/Home.php on line 80.
 1 APPPATH/Controllers/Home.php(80): strcmp(null, '')
 2 SYSTEMPATH/CodeIgniter.php(933): App\Controllers\Home->modif()
 3 SYSTEMPATH/CodeIgniter.php(509): CodeIgniter\CodeIgniter->runController(Object(App\Controllers\Home))
 4 SYSTEMPATH/CodeIgniter.php(355): CodeIgniter\CodeIgniter->handleRequest(null, Object(Config\Cache), false)
 5 SYSTEMPATH/Boot.php(312): CodeIgniter\CodeIgniter->run()
 6 SYSTEMPATH/Boot.php(67): CodeIgniter\Boot::runCodeIgniter(Object(CodeIgniter\CodeIgniter))
 7 FCPATH/index.php(56): CodeIgniter\Boot::bootWeb(Object(Config\Paths))
WARNING - 2024-04-25 15:12:11 --> [DEPRECATED] strcmp(): Passing null to parameter #1 ($string1) of type string is deprecated in APPPATH/Controllers/Home.php on line 80.
 1 APPPATH/Controllers/Home.php(80): strcmp(null, '')
 2 SYSTEMPATH/CodeIgniter.php(933): App\Controllers\Home->modif()
 3 SYSTEMPATH/CodeIgniter.php(509): CodeIgniter\CodeIgniter->runController(Object(App\Controllers\Home))
 4 SYSTEMPATH/CodeIgniter.php(355): CodeIgniter\CodeIgniter->handleRequest(null, Object(Config\Cache), false)
 5 SYSTEMPATH/Boot.php(312): CodeIgniter\CodeIgniter->run()
 6 SYSTEMPATH/Boot.php(67): CodeIgniter\Boot::runCodeIgniter(Object(CodeIgniter\CodeIgniter))
 7 FCPATH/index.php(56): CodeIgniter\Boot::bootWeb(Object(Config\Paths))
WARNING - 2024-04-25 15:17:12 --> [DEPRECATED] strcmp(): Passing null to parameter #1 ($string1) of type string is deprecated in APPPATH/Controllers/Home.php on line 80.
 1 APPPATH/Controllers/Home.php(80): strcmp(null, '')
 2 SYSTEMPATH/CodeIgniter.php(933): App\Controllers\Home->modif()
 3 SYSTEMPATH/CodeIgniter.php(509): CodeIgniter\CodeIgniter->runController(Object(App\Controllers\Home))
 4 SYSTEMPATH/CodeIgniter.php(355): CodeIgniter\CodeIgniter->handleRequest(null, Object(Config\Cache), false)
 5 SYSTEMPATH/Boot.php(312): CodeIgniter\CodeIgniter->run()
 6 SYSTEMPATH/Boot.php(67): CodeIgniter\Boot::runCodeIgniter(Object(CodeIgniter\CodeIgniter))
 7 FCPATH/index.php(56): CodeIgniter\Boot::bootWeb(Object(Config\Paths))
WARNING - 2024-04-25 15:17:43 --> [DEPRECATED] strcmp(): Passing null to parameter #1 ($string1) of type string is deprecated in APPPATH/Controllers/Home.php on line 80.
 1 APPPATH/Controllers/Home.php(80): strcmp(null, '')
 2 SYSTEMPATH/CodeIgniter.php(933): App\Controllers\Home->modif()
 3 SYSTEMPATH/CodeIgniter.php(509): CodeIgniter\CodeIgniter->runController(Object(App\Controllers\Home))
 4 SYSTEMPATH/CodeIgniter.php(355): CodeIgniter\CodeIgniter->handleRequest(null, Object(Config\Cache), false)
 5 SYSTEMPATH/Boot.php(312): CodeIgniter\CodeIgniter->run()
 6 SYSTEMPATH/Boot.php(67): CodeIgniter\Boot::runCodeIgniter(Object(CodeIgniter\CodeIgniter))
 7 FCPATH/index.php(56): CodeIgniter\Boot::bootWeb(Object(Config\Paths))
WARNING - 2024-04-25 15:17:44 --> [DEPRECATED] strcmp(): Passing null to parameter #1 ($string1) of type string is deprecated in APPPATH/Controllers/Home.php on line 80.
 1 APPPATH/Controllers/Home.php(80): strcmp(null, '')
 2 SYSTEMPATH/CodeIgniter.php(933): App\Controllers\Home->modif()
 3 SYSTEMPATH/CodeIgniter.php(509): CodeIgniter\CodeIgniter->runController(Object(App\Controllers\Home))
 4 SYSTEMPATH/CodeIgniter.php(355): CodeIgniter\CodeIgniter->handleRequest(null, Object(Config\Cache), false)
 5 SYSTEMPATH/Boot.php(312): CodeIgniter\CodeIgniter->run()
 6 SYSTEMPATH/Boot.php(67): CodeIgniter\Boot::runCodeIgniter(Object(CodeIgniter\CodeIgniter))
 7 FCPATH/index.php(56): CodeIgniter\Boot::bootWeb(Object(Config\Paths))
WARNING - 2024-04-25 15:17:46 --> [DEPRECATED] strcmp(): Passing null to parameter #1 ($string1) of type string is deprecated in APPPATH/Controllers/Home.php on line 80.
 1 APPPATH/Controllers/Home.php(80): strcmp(null, '')
 2 SYSTEMPATH/CodeIgniter.php(933): App\Controllers\Home->modif()
 3 SYSTEMPATH/CodeIgniter.php(509): CodeIgniter\CodeIgniter->runController(Object(App\Controllers\Home))
 4 SYSTEMPATH/CodeIgniter.php(355): CodeIgniter\CodeIgniter->handleRequest(null, Object(Config\Cache), false)
 5 SYSTEMPATH/Boot.php(312): CodeIgniter\CodeIgniter->run()
 6 SYSTEMPATH/Boot.php(67): CodeIgniter\Boot::runCodeIgniter(Object(CodeIgniter\CodeIgniter))
 7 FCPATH/index.php(56): CodeIgniter\Boot::bootWeb(Object(Config\Paths))
WARNING - 2024-04-25 15:19:06 --> [DEPRECATED] strcmp(): Passing null to parameter #1 ($string1) of type string is deprecated in APPPATH/Controllers/Home.php on line 80.
 1 APPPATH/Controllers/Home.php(80): strcmp(null, '')
 2 SYSTEMPATH/CodeIgniter.php(933): App\Controllers\Home->modif()
 3 SYSTEMPATH/CodeIgniter.php(509): CodeIgniter\CodeIgniter->runController(Object(App\Controllers\Home))
 4 SYSTEMPATH/CodeIgniter.php(355): CodeIgniter\CodeIgniter->handleRequest(null, Object(Config\Cache), false)
 5 SYSTEMPATH/Boot.php(312): CodeIgniter\CodeIgniter->run()
 6 SYSTEMPATH/Boot.php(67): CodeIgniter\Boot::runCodeIgniter(Object(CodeIgniter\CodeIgniter))
 7 FCPATH/index.php(56): CodeIgniter\Boot::bootWeb(Object(Config\Paths))
WARNING - 2024-04-25 15:19:16 --> [DEPRECATED] strcmp(): Passing null to parameter #1 ($string1) of type string is deprecated in APPPATH/Controllers/Home.php on line 102.
 1 APPPATH/Controllers/Home.php(102): strcmp(null, '')
 2 SYSTEMPATH/CodeIgniter.php(933): App\Controllers\Home->after()
 3 SYSTEMPATH/CodeIgniter.php(509): CodeIgniter\CodeIgniter->runController(Object(App\Controllers\Home))
 4 SYSTEMPATH/CodeIgniter.php(355): CodeIgniter\CodeIgniter->handleRequest(null, Object(Config\Cache), false)
 5 SYSTEMPATH/Boot.php(312): CodeIgniter\CodeIgniter->run()
 6 SYSTEMPATH/Boot.php(67): CodeIgniter\Boot::runCodeIgniter(Object(CodeIgniter\CodeIgniter))
 7 FCPATH/index.php(56): CodeIgniter\Boot::bootWeb(Object(Config\Paths))
WARNING - 2024-04-25 15:19:18 --> [DEPRECATED] strcmp(): Passing null to parameter #1 ($string1) of type string is deprecated in APPPATH/Controllers/Home.php on line 102.
 1 APPPATH/Controllers/Home.php(102): strcmp(null, '')
 2 SYSTEMPATH/CodeIgniter.php(933): App\Controllers\Home->after()
 3 SYSTEMPATH/CodeIgniter.php(509): CodeIgniter\CodeIgniter->runController(Object(App\Controllers\Home))
 4 SYSTEMPATH/CodeIgniter.php(355): CodeIgniter\CodeIgniter->handleRequest(null, Object(Config\Cache), false)
 5 SYSTEMPATH/Boot.php(312): CodeIgniter\CodeIgniter->run()
 6 SYSTEMPATH/Boot.php(67): CodeIgniter\Boot::runCodeIgniter(Object(CodeIgniter\CodeIgniter))
 7 FCPATH/index.php(56): CodeIgniter\Boot::bootWeb(Object(Config\Paths))
WARNING - 2024-04-25 15:19:20 --> [DEPRECATED] strcmp(): Passing null to parameter #1 ($string1) of type string is deprecated in APPPATH/Controllers/Home.php on line 80.
 1 APPPATH/Controllers/Home.php(80): strcmp(null, '')
 2 SYSTEMPATH/CodeIgniter.php(933): App\Controllers\Home->modif()
 3 SYSTEMPATH/CodeIgniter.php(509): CodeIgniter\CodeIgniter->runController(Object(App\Controllers\Home))
 4 SYSTEMPATH/CodeIgniter.php(355): CodeIgniter\CodeIgniter->handleRequest(null, Object(Config\Cache), false)
 5 SYSTEMPATH/Boot.php(312): CodeIgniter\CodeIgniter->run()
 6 SYSTEMPATH/Boot.php(67): CodeIgniter\Boot::runCodeIgniter(Object(CodeIgniter\CodeIgniter))
 7 FCPATH/index.php(56): CodeIgniter\Boot::bootWeb(Object(Config\Paths))
WARNING - 2024-04-25 15:19:36 --> [DEPRECATED] strcmp(): Passing null to parameter #1 ($string1) of type string is deprecated in APPPATH/Controllers/Home.php on line 102.
 1 APPPATH/Controllers/Home.php(102): strcmp(null, '')
 2 SYSTEMPATH/CodeIgniter.php(933): App\Controllers\Home->after()
 3 SYSTEMPATH/CodeIgniter.php(509): CodeIgniter\CodeIgniter->runController(Object(App\Controllers\Home))
 4 SYSTEMPATH/CodeIgniter.php(355): CodeIgniter\CodeIgniter->handleRequest(null, Object(Config\Cache), false)
 5 SYSTEMPATH/Boot.php(312): CodeIgniter\CodeIgniter->run()
 6 SYSTEMPATH/Boot.php(67): CodeIgniter\Boot::runCodeIgniter(Object(CodeIgniter\CodeIgniter))
 7 FCPATH/index.php(56): CodeIgniter\Boot::bootWeb(Object(Config\Paths))
WARNING - 2024-04-25 15:19:39 --> [DEPRECATED] strcmp(): Passing null to parameter #1 ($string1) of type string is deprecated in APPPATH/Controllers/Home.php on line 102.
 1 APPPATH/Controllers/Home.php(102): strcmp(null, '')
 2 SYSTEMPATH/CodeIgniter.php(933): App\Controllers\Home->after()
 3 SYSTEMPATH/CodeIgniter.php(509): CodeIgniter\CodeIgniter->runController(Object(App\Controllers\Home))
 4 SYSTEMPATH/CodeIgniter.php(355): CodeIgniter\CodeIgniter->handleRequest(null, Object(Config\Cache), false)
 5 SYSTEMPATH/Boot.php(312): CodeIgniter\CodeIgniter->run()
 6 SYSTEMPATH/Boot.php(67): CodeIgniter\Boot::runCodeIgniter(Object(CodeIgniter\CodeIgniter))
 7 FCPATH/index.php(56): CodeIgniter\Boot::bootWeb(Object(Config\Paths))
WARNING - 2024-04-25 15:19:46 --> [DEPRECATED] strcmp(): Passing null to parameter #1 ($string1) of type string is deprecated in APPPATH/Controllers/Home.php on line 80.
 1 APPPATH/Controllers/Home.php(80): strcmp(null, '')
 2 SYSTEMPATH/CodeIgniter.php(933): App\Controllers\Home->modif()
 3 SYSTEMPATH/CodeIgniter.php(509): CodeIgniter\CodeIgniter->runController(Object(App\Controllers\Home))
 4 SYSTEMPATH/CodeIgniter.php(355): CodeIgniter\CodeIgniter->handleRequest(null, Object(Config\Cache), false)
 5 SYSTEMPATH/Boot.php(312): CodeIgniter\CodeIgniter->run()
 6 SYSTEMPATH/Boot.php(67): CodeIgniter\Boot::runCodeIgniter(Object(CodeIgniter\CodeIgniter))
 7 FCPATH/index.php(56): CodeIgniter\Boot::bootWeb(Object(Config\Paths))
WARNING - 2024-04-25 15:19:48 --> [DEPRECATED] strcmp(): Passing null to parameter #1 ($string1) of type string is deprecated in APPPATH/Controllers/Home.php on line 80.
 1 APPPATH/Controllers/Home.php(80): strcmp(null, '')
 2 SYSTEMPATH/CodeIgniter.php(933): App\Controllers\Home->modif()
 3 SYSTEMPATH/CodeIgniter.php(509): CodeIgniter\CodeIgniter->runController(Object(App\Controllers\Home))
 4 SYSTEMPATH/CodeIgniter.php(355): CodeIgniter\CodeIgniter->handleRequest(null, Object(Config\Cache), false)
 5 SYSTEMPATH/Boot.php(312): CodeIgniter\CodeIgniter->run()
 6 SYSTEMPATH/Boot.php(67): CodeIgniter\Boot::runCodeIgniter(Object(CodeIgniter\CodeIgniter))
 7 FCPATH/index.php(56): CodeIgniter\Boot::bootWeb(Object(Config\Paths))
WARNING - 2024-04-25 15:19:50 --> [DEPRECATED] strcmp(): Passing null to parameter #1 ($string1) of type string is deprecated in APPPATH/Controllers/Home.php on line 80.
 1 APPPATH/Controllers/Home.php(80): strcmp(null, '')
 2 SYSTEMPATH/CodeIgniter.php(933): App\Controllers\Home->modif()
 3 SYSTEMPATH/CodeIgniter.php(509): CodeIgniter\CodeIgniter->runController(Object(App\Controllers\Home))
 4 SYSTEMPATH/CodeIgniter.php(355): CodeIgniter\CodeIgniter->handleRequest(null, Object(Config\Cache), false)
 5 SYSTEMPATH/Boot.php(312): CodeIgniter\CodeIgniter->run()
 6 SYSTEMPATH/Boot.php(67): CodeIgniter\Boot::runCodeIgniter(Object(CodeIgniter\CodeIgniter))
 7 FCPATH/index.php(56): CodeIgniter\Boot::bootWeb(Object(Config\Paths))
WARNING - 2024-04-25 15:19:53 --> [DEPRECATED] strcmp(): Passing null to parameter #1 ($string1) of type string is deprecated in APPPATH/Controllers/Home.php on line 80.
 1 APPPATH/Controllers/Home.php(80): strcmp(null, '')
 2 SYSTEMPATH/CodeIgniter.php(933): App\Controllers\Home->modif()
 3 SYSTEMPATH/CodeIgniter.php(509): CodeIgniter\CodeIgniter->runController(Object(App\Controllers\Home))
 4 SYSTEMPATH/CodeIgniter.php(355): CodeIgniter\CodeIgniter->handleRequest(null, Object(Config\Cache), false)
 5 SYSTEMPATH/Boot.php(312): CodeIgniter\CodeIgniter->run()
 6 SYSTEMPATH/Boot.php(67): CodeIgniter\Boot::runCodeIgniter(Object(CodeIgniter\CodeIgniter))
 7 FCPATH/index.php(56): CodeIgniter\Boot::bootWeb(Object(Config\Paths))
WARNING - 2024-04-25 15:19:54 --> [DEPRECATED] strcmp(): Passing null to parameter #1 ($string1) of type string is deprecated in APPPATH/Controllers/Home.php on line 80.
 1 APPPATH/Controllers/Home.php(80): strcmp(null, '')
 2 SYSTEMPATH/CodeIgniter.php(933): App\Controllers\Home->modif()
 3 SYSTEMPATH/CodeIgniter.php(509): CodeIgniter\CodeIgniter->runController(Object(App\Controllers\Home))
 4 SYSTEMPATH/CodeIgniter.php(355): CodeIgniter\CodeIgniter->handleRequest(null, Object(Config\Cache), false)
 5 SYSTEMPATH/Boot.php(312): CodeIgniter\CodeIgniter->run()
 6 SYSTEMPATH/Boot.php(67): CodeIgniter\Boot::runCodeIgniter(Object(CodeIgniter\CodeIgniter))
 7 FCPATH/index.php(56): CodeIgniter\Boot::bootWeb(Object(Config\Paths))
WARNING - 2024-04-25 15:19:56 --> [DEPRECATED] strcmp(): Passing null to parameter #1 ($string1) of type string is deprecated in APPPATH/Controllers/Home.php on line 80.
 1 APPPATH/Controllers/Home.php(80): strcmp(null, '')
 2 SYSTEMPATH/CodeIgniter.php(933): App\Controllers\Home->modif()
 3 SYSTEMPATH/CodeIgniter.php(509): CodeIgniter\CodeIgniter->runController(Object(App\Controllers\Home))
 4 SYSTEMPATH/CodeIgniter.php(355): CodeIgniter\CodeIgniter->handleRequest(null, Object(Config\Cache), false)
 5 SYSTEMPATH/Boot.php(312): CodeIgniter\CodeIgniter->run()
 6 SYSTEMPATH/Boot.php(67): CodeIgniter\Boot::runCodeIgniter(Object(CodeIgniter\CodeIgniter))
 7 FCPATH/index.php(56): CodeIgniter\Boot::bootWeb(Object(Config\Paths))
WARNING - 2024-04-25 15:21:41 --> [DEPRECATED] strcmp(): Passing null to parameter #1 ($string1) of type string is deprecated in APPPATH/Controllers/Home.php on line 80.
 1 APPPATH/Controllers/Home.php(80): strcmp(null, '')
 2 SYSTEMPATH/CodeIgniter.php(933): App\Controllers\Home->modif()
 3 SYSTEMPATH/CodeIgniter.php(509): CodeIgniter\CodeIgniter->runController(Object(App\Controllers\Home))
 4 SYSTEMPATH/CodeIgniter.php(355): CodeIgniter\CodeIgniter->handleRequest(null, Object(Config\Cache), false)
 5 SYSTEMPATH/Boot.php(312): CodeIgniter\CodeIgniter->run()
 6 SYSTEMPATH/Boot.php(67): CodeIgniter\Boot::runCodeIgniter(Object(CodeIgniter\CodeIgniter))
 7 FCPATH/index.php(56): CodeIgniter\Boot::bootWeb(Object(Config\Paths))
WARNING - 2024-04-25 15:21:56 --> [DEPRECATED] strcmp(): Passing null to parameter #1 ($string1) of type string is deprecated in APPPATH/Controllers/Home.php on line 102.
 1 APPPATH/Controllers/Home.php(102): strcmp(null, '')
 2 SYSTEMPATH/CodeIgniter.php(933): App\Controllers\Home->after()
 3 SYSTEMPATH/CodeIgniter.php(509): CodeIgniter\CodeIgniter->runController(Object(App\Controllers\Home))
 4 SYSTEMPATH/CodeIgniter.php(355): CodeIgniter\CodeIgniter->handleRequest(null, Object(Config\Cache), false)
 5 SYSTEMPATH/Boot.php(312): CodeIgniter\CodeIgniter->run()
 6 SYSTEMPATH/Boot.php(67): CodeIgniter\Boot::runCodeIgniter(Object(CodeIgniter\CodeIgniter))
 7 FCPATH/index.php(56): CodeIgniter\Boot::bootWeb(Object(Config\Paths))
WARNING - 2024-04-25 15:21:57 --> [DEPRECATED] strcmp(): Passing null to parameter #1 ($string1) of type string is deprecated in APPPATH/Controllers/Home.php on line 102.
 1 APPPATH/Controllers/Home.php(102): strcmp(null, '')
 2 SYSTEMPATH/CodeIgniter.php(933): App\Controllers\Home->after()
 3 SYSTEMPATH/CodeIgniter.php(509): CodeIgniter\CodeIgniter->runController(Object(App\Controllers\Home))
 4 SYSTEMPATH/CodeIgniter.php(355): CodeIgniter\CodeIgniter->handleRequest(null, Object(Config\Cache), false)
 5 SYSTEMPATH/Boot.php(312): CodeIgniter\CodeIgniter->run()
 6 SYSTEMPATH/Boot.php(67): CodeIgniter\Boot::runCodeIgniter(Object(CodeIgniter\CodeIgniter))
 7 FCPATH/index.php(56): CodeIgniter\Boot::bootWeb(Object(Config\Paths))
WARNING - 2024-04-25 15:21:59 --> [DEPRECATED] strcmp(): Passing null to parameter #1 ($string1) of type string is deprecated in APPPATH/Controllers/Home.php on line 102.
 1 APPPATH/Controllers/Home.php(102): strcmp(null, '')
 2 SYSTEMPATH/CodeIgniter.php(933): App\Controllers\Home->after()
 3 SYSTEMPATH/CodeIgniter.php(509): CodeIgniter\CodeIgniter->runController(Object(App\Controllers\Home))
 4 SYSTEMPATH/CodeIgniter.php(355): CodeIgniter\CodeIgniter->handleRequest(null, Object(Config\Cache), false)
 5 SYSTEMPATH/Boot.php(312): CodeIgniter\CodeIgniter->run()
 6 SYSTEMPATH/Boot.php(67): CodeIgniter\Boot::runCodeIgniter(Object(CodeIgniter\CodeIgniter))
 7 FCPATH/index.php(56): CodeIgniter\Boot::bootWeb(Object(Config\Paths))
WARNING - 2024-04-25 15:22:01 --> [DEPRECATED] strcmp(): Passing null to parameter #1 ($string1) of type string is deprecated in APPPATH/Controllers/Home.php on line 102.
 1 APPPATH/Controllers/Home.php(102): strcmp(null, '')
 2 SYSTEMPATH/CodeIgniter.php(933): App\Controllers\Home->after()
 3 SYSTEMPATH/CodeIgniter.php(509): CodeIgniter\CodeIgniter->runController(Object(App\Controllers\Home))
 4 SYSTEMPATH/CodeIgniter.php(355): CodeIgniter\CodeIgniter->handleRequest(null, Object(Config\Cache), false)
 5 SYSTEMPATH/Boot.php(312): CodeIgniter\CodeIgniter->run()
 6 SYSTEMPATH/Boot.php(67): CodeIgniter\Boot::runCodeIgniter(Object(CodeIgniter\CodeIgniter))
 7 FCPATH/index.php(56): CodeIgniter\Boot::bootWeb(Object(Config\Paths))
WARNING - 2024-04-25 15:22:04 --> [DEPRECATED] strcmp(): Passing null to parameter #1 ($string1) of type string is deprecated in APPPATH/Controllers/Home.php on line 102.
 1 APPPATH/Controllers/Home.php(102): strcmp(null, '')
 2 SYSTEMPATH/CodeIgniter.php(933): App\Controllers\Home->after()
 3 SYSTEMPATH/CodeIgniter.php(509): CodeIgniter\CodeIgniter->runController(Object(App\Controllers\Home))
 4 SYSTEMPATH/CodeIgniter.php(355): CodeIgniter\CodeIgniter->handleRequest(null, Object(Config\Cache), false)
 5 SYSTEMPATH/Boot.php(312): CodeIgniter\CodeIgniter->run()
 6 SYSTEMPATH/Boot.php(67): CodeIgniter\Boot::runCodeIgniter(Object(CodeIgniter\CodeIgniter))
 7 FCPATH/index.php(56): CodeIgniter\Boot::bootWeb(Object(Config\Paths))
WARNING - 2024-04-25 15:22:06 --> [DEPRECATED] strcmp(): Passing null to parameter #1 ($string1) of type string is deprecated in APPPATH/Controllers/Home.php on line 102.
 1 APPPATH/Controllers/Home.php(102): strcmp(null, '')
 2 SYSTEMPATH/CodeIgniter.php(933): App\Controllers\Home->after()
 3 SYSTEMPATH/CodeIgniter.php(509): CodeIgniter\CodeIgniter->runController(Object(App\Controllers\Home))
 4 SYSTEMPATH/CodeIgniter.php(355): CodeIgniter\CodeIgniter->handleRequest(null, Object(Config\Cache), false)
 5 SYSTEMPATH/Boot.php(312): CodeIgniter\CodeIgniter->run()
 6 SYSTEMPATH/Boot.php(67): CodeIgniter\Boot::runCodeIgniter(Object(CodeIgniter\CodeIgniter))
 7 FCPATH/index.php(56): CodeIgniter\Boot::bootWeb(Object(Config\Paths))
WARNING - 2024-04-25 15:22:16 --> [DEPRECATED] strcmp(): Passing null to parameter #1 ($string1) of type string is deprecated in APPPATH/Controllers/Home.php on line 80.
 1 APPPATH/Controllers/Home.php(80): strcmp(null, '')
 2 SYSTEMPATH/CodeIgniter.php(933): App\Controllers\Home->modif()
 3 SYSTEMPATH/CodeIgniter.php(509): CodeIgniter\CodeIgniter->runController(Object(App\Controllers\Home))
 4 SYSTEMPATH/CodeIgniter.php(355): CodeIgniter\CodeIgniter->handleRequest(null, Object(Config\Cache), false)
 5 SYSTEMPATH/Boot.php(312): CodeIgniter\CodeIgniter->run()
 6 SYSTEMPATH/Boot.php(67): CodeIgniter\Boot::runCodeIgniter(Object(CodeIgniter\CodeIgniter))
 7 FCPATH/index.php(56): CodeIgniter\Boot::bootWeb(Object(Config\Paths))
WARNING - 2024-04-25 15:22:18 --> [DEPRECATED] strcmp(): Passing null to parameter #1 ($string1) of type string is deprecated in APPPATH/Controllers/Home.php on line 80.
 1 APPPATH/Controllers/Home.php(80): strcmp(null, '')
 2 SYSTEMPATH/CodeIgniter.php(933): App\Controllers\Home->modif()
 3 SYSTEMPATH/CodeIgniter.php(509): CodeIgniter\CodeIgniter->runController(Object(App\Controllers\Home))
 4 SYSTEMPATH/CodeIgniter.php(355): CodeIgniter\CodeIgniter->handleRequest(null, Object(Config\Cache), false)
 5 SYSTEMPATH/Boot.php(312): CodeIgniter\CodeIgniter->run()
 6 SYSTEMPATH/Boot.php(67): CodeIgniter\Boot::runCodeIgniter(Object(CodeIgniter\CodeIgniter))
 7 FCPATH/index.php(56): CodeIgniter\Boot::bootWeb(Object(Config\Paths))
WARNING - 2024-04-25 15:22:33 --> [DEPRECATED] strcmp(): Passing null to parameter #1 ($string1) of type string is deprecated in APPPATH/Controllers/Home.php on line 80.
 1 APPPATH/Controllers/Home.php(80): strcmp(null, '')
 2 SYSTEMPATH/CodeIgniter.php(933): App\Controllers\Home->modif()
 3 SYSTEMPATH/CodeIgniter.php(509): CodeIgniter\CodeIgniter->runController(Object(App\Controllers\Home))
 4 SYSTEMPATH/CodeIgniter.php(355): CodeIgniter\CodeIgniter->handleRequest(null, Object(Config\Cache), false)
 5 SYSTEMPATH/Boot.php(312): CodeIgniter\CodeIgniter->run()
 6 SYSTEMPATH/Boot.php(67): CodeIgniter\Boot::runCodeIgniter(Object(CodeIgniter\CodeIgniter))
 7 FCPATH/index.php(56): CodeIgniter\Boot::bootWeb(Object(Config\Paths))
WARNING - 2024-04-25 15:22:35 --> [DEPRECATED] strcmp(): Passing null to parameter #1 ($string1) of type string is deprecated in APPPATH/Controllers/Home.php on line 80.
 1 APPPATH/Controllers/Home.php(80): strcmp(null, '')
 2 SYSTEMPATH/CodeIgniter.php(933): App\Controllers\Home->modif()
 3 SYSTEMPATH/CodeIgniter.php(509): CodeIgniter\CodeIgniter->runController(Object(App\Controllers\Home))
 4 SYSTEMPATH/CodeIgniter.php(355): CodeIgniter\CodeIgniter->handleRequest(null, Object(Config\Cache), false)
 5 SYSTEMPATH/Boot.php(312): CodeIgniter\CodeIgniter->run()
 6 SYSTEMPATH/Boot.php(67): CodeIgniter\Boot::runCodeIgniter(Object(CodeIgniter\CodeIgniter))
 7 FCPATH/index.php(56): CodeIgniter\Boot::bootWeb(Object(Config\Paths))
ERROR - 2024-04-25 15:27:33 --> mysqli_sql_exception: Duplicate entry 'iantso' for key 'PRIMARY' in /home/iantsogod/server/system/Database/MySQLi/Connection.php:308
Stack trace:
#0 /home/iantsogod/server/system/Database/MySQLi/Connection.php(308): mysqli->query()
#1 /home/iantsogod/server/system/Database/BaseConnection.php(722): CodeIgniter\Database\MySQLi\Connection->execute()
#2 /home/iantsogod/server/system/Database/BaseConnection.php(636): CodeIgniter\Database\BaseConnection->simpleQuery()
#3 /home/iantsogod/server/system/Database/BaseBuilder.php(2325): CodeIgniter\Database\BaseConnection->query()
#4 /home/iantsogod/server/system/Model.php(383): CodeIgniter\Database\BaseBuilder->insert()
#5 /home/iantsogod/server/system/BaseModel.php(840): CodeIgniter\Model->doInsert()
#6 /home/iantsogod/server/system/Model.php(791): CodeIgniter\BaseModel->insert()
#7 /home/iantsogod/server/app/Models/UserModel.php(34): CodeIgniter\Model->insert()
#8 /home/iantsogod/server/app/Controllers/Home.php(39): App\Models\UserModel->createUser()
#9 /home/iantsogod/server/system/CodeIgniter.php(933): App\Controllers\Home->signup()
#10 /home/iantsogod/server/system/CodeIgniter.php(509): CodeIgniter\CodeIgniter->runController()
#11 /home/iantsogod/server/system/CodeIgniter.php(355): CodeIgniter\CodeIgniter->handleRequest()
#12 /home/iantsogod/server/system/Boot.php(312): CodeIgniter\CodeIgniter->run()
#13 /home/iantsogod/server/system/Boot.php(67): CodeIgniter\Boot::runCodeIgniter()
#14 /home/iantsogod/server/public/index.php(56): CodeIgniter\Boot::bootWeb()
#15 {main}
CRITICAL - 2024-04-25 15:27:33 --> CodeIgniter\Database\Exceptions\DatabaseException: Duplicate entry 'iantso' for key 'PRIMARY'
[Method: POST, Route: Sign_up]
in SYSTEMPATH/Database/BaseConnection.php on line 676.
 1 SYSTEMPATH/Database/BaseBuilder.php(2325): CodeIgniter\Database\BaseConnection->query()
 2 SYSTEMPATH/Model.php(383): CodeIgniter\Database\BaseBuilder->insert()
 3 SYSTEMPATH/BaseModel.php(840): CodeIgniter\Model->doInsert()
 4 SYSTEMPATH/Model.php(791): CodeIgniter\BaseModel->insert()
 5 APPPATH/Models/UserModel.php(34): CodeIgniter\Model->insert()
 6 APPPATH/Controllers/Home.php(39): App\Models\UserModel->createUser()
 7 SYSTEMPATH/CodeIgniter.php(933): App\Controllers\Home->signup()
 8 SYSTEMPATH/CodeIgniter.php(509): CodeIgniter\CodeIgniter->runController()
 9 SYSTEMPATH/CodeIgniter.php(355): CodeIgniter\CodeIgniter->handleRequest()
10 SYSTEMPATH/Boot.php(312): CodeIgniter\CodeIgniter->run()
11 SYSTEMPATH/Boot.php(67): CodeIgniter\Boot::runCodeIgniter()
12 FCPATH/index.php(56): CodeIgniter\Boot::bootWeb()
CRITICAL - 2024-04-25 15:27:33 --> [Caused by] CodeIgniter\Database\Exceptions\DatabaseException: Duplicate entry 'iantso' for key 'PRIMARY'
in SYSTEMPATH/Database/MySQLi/Connection.php on line 313.
 1 SYSTEMPATH/Database/BaseConnection.php(722): CodeIgniter\Database\MySQLi\Connection->execute()
 2 SYSTEMPATH/Database/BaseConnection.php(636): CodeIgniter\Database\BaseConnection->simpleQuery()
 3 SYSTEMPATH/Database/BaseBuilder.php(2325): CodeIgniter\Database\BaseConnection->query()
 4 SYSTEMPATH/Model.php(383): CodeIgniter\Database\BaseBuilder->insert()
 5 SYSTEMPATH/BaseModel.php(840): CodeIgniter\Model->doInsert()
 6 SYSTEMPATH/Model.php(791): CodeIgniter\BaseModel->insert()
 7 APPPATH/Models/UserModel.php(34): CodeIgniter\Model->insert()
 8 APPPATH/Controllers/Home.php(39): App\Models\UserModel->createUser()
 9 SYSTEMPATH/CodeIgniter.php(933): App\Controllers\Home->signup()
10 SYSTEMPATH/CodeIgniter.php(509): CodeIgniter\CodeIgniter->runController()
11 SYSTEMPATH/CodeIgniter.php(355): CodeIgniter\CodeIgniter->handleRequest()
12 SYSTEMPATH/Boot.php(312): CodeIgniter\CodeIgniter->run()
13 SYSTEMPATH/Boot.php(67): CodeIgniter\Boot::runCodeIgniter()
14 FCPATH/index.php(56): CodeIgniter\Boot::bootWeb()
CRITICAL - 2024-04-25 15:27:33 --> [Caused by] mysqli_sql_exception: Duplicate entry 'iantso' for key 'PRIMARY'
in SYSTEMPATH/Database/MySQLi/Connection.php on line 308.
 1 SYSTEMPATH/Database/MySQLi/Connection.php(308): mysqli->query()
 2 SYSTEMPATH/Database/BaseConnection.php(722): CodeIgniter\Database\MySQLi\Connection->execute()
 3 SYSTEMPATH/Database/BaseConnection.php(636): CodeIgniter\Database\BaseConnection->simpleQuery()
 4 SYSTEMPATH/Database/BaseBuilder.php(2325): CodeIgniter\Database\BaseConnection->query()
 5 SYSTEMPATH/Model.php(383): CodeIgniter\Database\BaseBuilder->insert()
 6 SYSTEMPATH/BaseModel.php(840): CodeIgniter\Model->doInsert()
 7 SYSTEMPATH/Model.php(791): CodeIgniter\BaseModel->insert()
 8 APPPATH/Models/UserModel.php(34): CodeIgniter\Model->insert()
 9 APPPATH/Controllers/Home.php(39): App\Models\UserModel->createUser()
10 SYSTEMPATH/CodeIgniter.php(933): App\Controllers\Home->signup()
11 SYSTEMPATH/CodeIgniter.php(509): CodeIgniter\CodeIgniter->runController()
12 SYSTEMPATH/CodeIgniter.php(355): CodeIgniter\CodeIgniter->handleRequest()
13 SYSTEMPATH/Boot.php(312): CodeIgniter\CodeIgniter->run()
14 SYSTEMPATH/Boot.php(67): CodeIgniter\Boot::runCodeIgniter()
15 FCPATH/index.php(56): CodeIgniter\Boot::bootWeb()
